#
# A fatal error has been detected by the Java Runtime Environment:
#
#  EXCEPTION_ACCESS_VIOLATION (0xc0000005) at pc=0x000000005205e125, pid=22424, tid=0x00000000000050e8
#
# JRE version: Java(TM) SE Runtime Environment (8.0_281-b09) (build 1.8.0_281-b09)
# Java VM: Java HotSpot(TM) 64-Bit Server VM (25.281-b09 mixed mode windows-amd64 compressed oops)
# Problematic frame:
# V  [jvm.dll+0x10e125]
#
# Failed to write core dump. Minidumps are not enabled by default on client versions of Windows
#
# If you would like to submit a bug report, please visit:
#   http://bugreport.java.com/bugreport/crash.jsp
#

---------------  T H R E A D  ---------------

Current thread (0x0000023841234800):  VMThread [stack: 0x0000004edf600000,0x0000004edf700000] [id=20712]

siginfo: ExceptionCode=0xc0000005, reading address 0x000002385fde4cb8

Registers:
RAX=0x000002385fde4ca8, RBX=0x0000000000000011, RCX=0x0000000000000000, RDX=0x000002384fde6ca8
RSP=0x0000004edf6ff440, RBP=0x0000000000000088, RSI=0x0000000000000000, RDI=0x00000001006b11d0
R8 =0x000000000000001a, R9 =0x00000000000001fe, R10=0x0000000000000000, R11=0x0000004edf6ff3f8
R12=0x0000000052519590, R13=0x00000000526e20c0, R14=0x00000000526e2190, R15=0x0000000000000000
RIP=0x000000005205e125, EFLAGS=0x0000000000010297

Top of Stack: (sp=0x0000004edf6ff440)
0x0000004edf6ff440:   00000001006e71a0 000000000000000c
0x0000004edf6ff450:   0000000000000060 000002383046cbc0
0x0000004edf6ff460:   00000000526e2190 000000005207d8a7
0x0000004edf6ff470:   0000004edf6ff4e0 0000000000000001
0x0000004edf6ff480:   00000001006b0fe8 00000001006b11d0
0x0000004edf6ff490:   0000000052519590 00000000000001fe
0x0000004edf6ff4a0:   ffffffffffffff00 0000000000000004
0x0000004edf6ff4b0:   0000000000000055 0000000000000000
0x0000004edf6ff4c0:   0000000000000000 000002384abf1870
0x0000004edf6ff4d0:   0000000000000000 0000000000000000
0x0000004edf6ff4e0:   00000000526e2130 0000000000000000
0x0000004edf6ff4f0:   0000004edf6ff600 0000000052321060
0x0000004edf6ff500:   00000238405e58e0 0000000000000008
0x0000004edf6ff510:   000000005256a678 0000000000000000
0x0000004edf6ff520:   00000000526e20c0 000000000000000b
0x0000004edf6ff530:   00000000526e20c0 000000000000000b 

Instructions: (pc=0x000000005205e125)
0x000000005205e105:   89 30 48 8b 97 80 01 00 00 8b de 39 1a 7e 38 48
0x000000005205e115:   89 6c 24 30 48 8b ee 0f 1f 40 00 48 8b 44 2a 08
0x000000005205e125:   48 8b 48 10 48 85 c9 74 0f 49 8b d6 e8 0a a6 02
0x000000005205e135:   00 48 8b 97 80 01 00 00 ff c3 48 83 c5 08 3b 1a 


Register to memory mapping:

RAX=0x000002385fde4ca8 is an unknown value
RBX=0x0000000000000011 is an unknown value
RCX=0x0000000000000000 is an unknown value
RDX=0x000002384fde6ca8 is pointing into metadata
RSP=0x0000004edf6ff440 is an unknown value
RBP=0x0000000000000088 is an unknown value
RSI=0x0000000000000000 is an unknown value
RDI=0x00000001006b11d0 is pointing into metadata
R8 =0x000000000000001a is an unknown value
R9 =0x00000000000001fe is an unknown value
R10=0x0000000000000000 is an unknown value
R11=0x0000004edf6ff3f8 is an unknown value
R12=0x0000000052519590 is an unknown value
R13=0x00000000526e20c0 is an unknown value
R14=0x00000000526e2190 is an unknown value
R15=0x0000000000000000 is an unknown value


Stack: [0x0000004edf600000,0x0000004edf700000],  sp=0x0000004edf6ff440,  free space=1021k
Native frames: (J=compiled Java code, j=interpreted, Vv=VM code, C=native code)
V  [jvm.dll+0x10e125]
V  [jvm.dll+0x12d8a7]
V  [jvm.dll+0x3d1060]
V  [jvm.dll+0x3d05aa]
V  [jvm.dll+0x3d003b]
V  [jvm.dll+0xb6ac4]
V  [jvm.dll+0x288d39]
V  [jvm.dll+0x245447]
V  [jvm.dll+0x243bb5]
V  [jvm.dll+0x24432c]
V  [jvm.dll+0x24463c]
V  [jvm.dll+0x291cbc]
C  [ucrtbase.dll+0x21bb2]
C  [KERNEL32.DLL+0x17034]
C  [ntdll.dll+0x52651]

VM_Operation (0x0000004ededf74a0): CollectForMetadataAllocation, mode: safepoint, requested by thread 0x000002382dd54800


---------------  P R O C E S S  ---------------

Java Threads: ( => current thread )
  0x00000238430f9800 JavaThread "container-0" [_thread_blocked, id=14120, stack(0x0000004ee0d00000,0x0000004ee0e00000)]
  0x00000238430f7800 JavaThread "Catalina-utility-2" [_thread_blocked, id=9332, stack(0x0000004ee0c00000,0x0000004ee0d00000)]
  0x00000238430f9000 JavaThread "Catalina-utility-1" [_thread_blocked, id=5652, stack(0x0000004ee0b00000,0x0000004ee0c00000)]
  0x00000238430f5000 JavaThread "HikariPool-1 connection adder" daemon [_thread_blocked, id=13056, stack(0x0000004ee0a00000,0x0000004ee0b00000)]
  0x00000238430f4800 JavaThread "HikariPool-1 housekeeper" daemon [_thread_blocked, id=15904, stack(0x0000004ee0900000,0x0000004ee0a00000)]
  0x0000023844fed000 JavaThread "mysql-cj-abandoned-connection-cleanup" daemon [_thread_blocked, id=15012, stack(0x0000004ee0800000,0x0000004ee0900000)]
  0x0000023843448800 JavaThread "/127.0.0.1:10468 to /127.0.0.1:10466 workers Thread 3" [_thread_in_native, id=20676, stack(0x0000004ee0700000,0x0000004ee0800000)]
  0x0000023843456800 JavaThread "/127.0.0.1:10468 to /127.0.0.1:10466 workers Thread 2" [_thread_blocked, id=20384, stack(0x0000004ee0600000,0x0000004ee0700000)]
  0x0000023843465000 JavaThread "/127.0.0.1:10468 to /127.0.0.1:10466 workers" [_thread_blocked, id=12688, stack(0x0000004ee0500000,0x0000004ee0600000)]
  0x000002384268d800 JavaThread "Service Thread" daemon [_thread_blocked, id=16824, stack(0x0000004ee0200000,0x0000004ee0300000)]
  0x00000238425fb800 JavaThread "C1 CompilerThread3" daemon [_thread_blocked, id=4044, stack(0x0000004ee0100000,0x0000004ee0200000)]
  0x00000238425e5000 JavaThread "C2 CompilerThread2" daemon [_thread_in_native, id=13492, stack(0x0000004ee0000000,0x0000004ee0100000)]
  0x00000238425e2000 JavaThread "C2 CompilerThread1" daemon [_thread_in_native, id=22280, stack(0x0000004edff00000,0x0000004ee0000000)]
  0x00000238425ed800 JavaThread "C2 CompilerThread0" daemon [_thread_blocked, id=22188, stack(0x0000004edfe00000,0x0000004edff00000)]
  0x00000238425d5800 JavaThread "JDWP Command Reader" daemon [_thread_in_native, id=20464, stack(0x0000004edfd00000,0x0000004edfe00000)]
  0x00000238425d0800 JavaThread "JDWP Event Helper Thread" daemon [_thread_blocked, id=22488, stack(0x0000004edfc00000,0x0000004edfd00000)]
  0x00000238425be000 JavaThread "JDWP Transport Listener: dt_socket" daemon [_thread_blocked, id=7160, stack(0x0000004edfb00000,0x0000004edfc00000)]
  0x0000023841308800 JavaThread "Attach Listener" daemon [_thread_blocked, id=19748, stack(0x0000004edfa00000,0x0000004edfb00000)]
  0x0000023841306000 JavaThread "Signal Dispatcher" daemon [_thread_blocked, id=20912, stack(0x0000004edf900000,0x0000004edfa00000)]
  0x0000023841269000 JavaThread "Finalizer" daemon [_thread_blocked, id=22352, stack(0x0000004edf800000,0x0000004edf900000)]
  0x000002384125a000 JavaThread "Reference Handler" daemon [_thread_blocked, id=22224, stack(0x0000004edf700000,0x0000004edf800000)]
  0x000002382dd54800 JavaThread "Test worker" [_thread_blocked, id=8024, stack(0x0000004eded00000,0x0000004edee00000)]

Other Threads:
=>0x0000023841234800 VMThread [stack: 0x0000004edf600000,0x0000004edf700000] [id=20712]
  0x00000238426f0800 WatcherThread [stack: 0x0000004ee0300000,0x0000004ee0400000] [id=21664]

VM state:at safepoint (normal execution)

VM Mutex/Monitor currently owned by a thread:  ([mutex/lock_event])
[0x000002382dd523a0] Threads_lock - owner thread: 0x0000023841234800
[0x000002382dd51b20] Heap_lock - owner thread: 0x000002382dd54800

heap address: 0x00000000e0000000, size: 512 MB, Compressed Oops mode: 32-bit
Narrow klass base: 0x0000000000000000, Narrow klass shift: 3
Compressed class space size: 1073741824 Address: 0x0000000100000000

Heap:
 PSYoungGen      total 159232K, used 9945K [0x00000000f5580000, 0x0000000100000000, 0x0000000100000000)
  eden space 143872K, 0% used [0x00000000f5580000,0x00000000f5580000,0x00000000fe200000)
  from space 15360K, 64% used [0x00000000fe200000,0x00000000febb6780,0x00000000ff100000)
  to   space 14848K, 0% used [0x00000000ff180000,0x00000000ff180000,0x0000000100000000)
 ParOldGen       total 168960K, used 15109K [0x00000000e0000000, 0x00000000ea500000, 0x00000000f5580000)
  object space 168960K, 8% used [0x00000000e0000000,0x00000000e0ec1518,0x00000000ea500000)
 Metaspace       used 55658K, capacity 59136K, committed 59160K, reserved 1099776K
  class space    used 7720K, capacity 8337K, committed 8360K, reserved 1048576K

Card table byte_map: [0x000002383eab0000,0x000002383ebc0000] byte_map_base: 0x000002383e3b0000

Marking Bits: (ParMarkBitMap*) 0x0000000052736ff0
 Begin Bits: [0x000002383ec70000, 0x000002383f470000)
 End Bits:   [0x000002383f470000, 0x000002383fc70000)

Polling page: 0x000002382ded0000

CodeCache: size=245760Kb used=13381Kb max_used=13427Kb free=232379Kb
 bounds [0x000002382f6f0000, 0x00000238304a0000, 0x000002383e6f0000]
 total_blobs=4160 nmethods=3631 adapters=448
 compilation: enabled

Compilation events (10 events):
Event: 5.375 Thread 0x00000238425fb800 4135       3       org.h2.command.Tokenizer::eq (49 bytes)
Event: 5.376 Thread 0x00000238425fb800 nmethod 4135 0x000002382ff93890 code [0x000002382ff93a60, 0x000002382ff94200]
Event: 5.377 Thread 0x00000238425fb800 4136       3       org.h2.command.Parser::readIf (21 bytes)
Event: 5.378 Thread 0x00000238425fb800 nmethod 4136 0x000002382ff92b10 code [0x000002382ff92ce0, 0x000002382ff93400]
Event: 5.378 Thread 0x00000238425fb800 4138       1       org.h2.command.Token::isQuoted (2 bytes)
Event: 5.378 Thread 0x00000238425fb800 nmethod 4138 0x000002382ff92850 code [0x000002382ff929a0, 0x000002382ff92ab8]
Event: 5.378 Thread 0x00000238425fb800 4137       1       org.h2.command.Token$IdentifierToken::isQuoted (5 bytes)
Event: 5.378 Thread 0x00000238425fb800 nmethod 4137 0x000002382ff92590 code [0x000002382ff926e0, 0x000002382ff927f8]
Event: 5.380 Thread 0x00000238425fb800 4139       1       org.h2.mvstore.MVMap::getKeyType (5 bytes)
Event: 5.380 Thread 0x00000238425fb800 nmethod 4139 0x000002382ff922d0 code [0x000002382ff92420, 0x000002382ff92538]

GC Heap History (10 events):
Event: 3.027 GC heap after
Heap after GC invocations=7 (full 1):
 PSYoungGen      total 131072K, used 6814K [0x00000000f5580000, 0x00000000ff380000, 0x0000000100000000)
  eden space 118784K, 0% used [0x00000000f5580000,0x00000000f5580000,0x00000000fc980000)
  from space 12288K, 55% used [0x00000000fd580000,0x00000000fdc279b0,0x00000000fe180000)
  to   space 12288K, 0% used [0x00000000fc980000,0x00000000fc980000,0x00000000fd580000)
 ParOldGen       total 116736K, used 8937K [0x00000000e0000000, 0x00000000e7200000, 0x00000000f5580000)
  object space 116736K, 7% used [0x00000000e0000000,0x00000000e08ba430,0x00000000e7200000)
 Metaspace       used 32458K, capacity 35384K, committed 35496K, reserved 1079296K
  class space    used 4380K, capacity 4922K, committed 5032K, reserved 1048576K
}
Event: 3.027 GC heap before
{Heap before GC invocations=8 (full 2):
 PSYoungGen      total 131072K, used 6814K [0x00000000f5580000, 0x00000000ff380000, 0x0000000100000000)
  eden space 118784K, 0% used [0x00000000f5580000,0x00000000f5580000,0x00000000fc980000)
  from space 12288K, 55% used [0x00000000fd580000,0x00000000fdc279b0,0x00000000fe180000)
  to   space 12288K, 0% used [0x00000000fc980000,0x00000000fc980000,0x00000000fd580000)
 ParOldGen       total 116736K, used 8937K [0x00000000e0000000, 0x00000000e7200000, 0x00000000f5580000)
  object space 116736K, 7% used [0x00000000e0000000,0x00000000e08ba430,0x00000000e7200000)
 Metaspace       used 32458K, capacity 35384K, committed 35496K, reserved 1079296K
  class space    used 4380K, capacity 4922K, committed 5032K, reserved 1048576K
Event: 3.058 GC heap after
Heap after GC invocations=8 (full 2):
 PSYoungGen      total 131072K, used 0K [0x00000000f5580000, 0x00000000ff380000, 0x0000000100000000)
  eden space 118784K, 0% used [0x00000000f5580000,0x00000000f5580000,0x00000000fc980000)
  from space 12288K, 0% used [0x00000000fd580000,0x00000000fd580000,0x00000000fe180000)
  to   space 12288K, 0% used [0x00000000fc980000,0x00000000fc980000,0x00000000fd580000)
 ParOldGen       total 168960K, used 11414K [0x00000000e0000000, 0x00000000ea500000, 0x00000000f5580000)
  object space 168960K, 6% used [0x00000000e0000000,0x00000000e0b259e0,0x00000000ea500000)
 Metaspace       used 32458K, capacity 35384K, committed 35496K, reserved 1079296K
  class space    used 4380K, capacity 4922K, committed 5032K, reserved 1048576K
}
Event: 3.821 GC heap before
{Heap before GC invocations=9 (full 2):
 PSYoungGen      total 131072K, used 118784K [0x00000000f5580000, 0x00000000ff380000, 0x0000000100000000)
  eden space 118784K, 100% used [0x00000000f5580000,0x00000000fc980000,0x00000000fc980000)
  from space 12288K, 0% used [0x00000000fd580000,0x00000000fd580000,0x00000000fe180000)
  to   space 12288K, 0% used [0x00000000fc980000,0x00000000fc980000,0x00000000fd580000)
 ParOldGen       total 168960K, used 11414K [0x00000000e0000000, 0x00000000ea500000, 0x00000000f5580000)
  object space 168960K, 6% used [0x00000000e0000000,0x00000000e0b259e0,0x00000000ea500000)
 Metaspace       used 40586K, capacity 43698K, committed 44072K, reserved 1087488K
  class space    used 5307K, capacity 5877K, committed 5928K, reserved 1048576K
Event: 3.826 GC heap after
Heap after GC invocations=9 (full 2):
 PSYoungGen      total 131072K, used 9315K [0x00000000f5580000, 0x0000000100000000, 0x0000000100000000)
  eden space 118784K, 0% used [0x00000000f5580000,0x00000000f5580000,0x00000000fc980000)
  from space 12288K, 75% used [0x00000000fc980000,0x00000000fd298e38,0x00000000fd580000)
  to   space 12288K, 0% used [0x00000000ff400000,0x00000000ff400000,0x0000000100000000)
 ParOldGen       total 168960K, used 11422K [0x00000000e0000000, 0x00000000ea500000, 0x00000000f5580000)
  object space 168960K, 6% used [0x00000000e0000000,0x00000000e0b279e0,0x00000000ea500000)
 Metaspace       used 40586K, capacity 43698K, committed 44072K, reserved 1087488K
  class space    used 5307K, capacity 5877K, committed 5928K, reserved 1048576K
}
Event: 4.975 GC heap before
{Heap before GC invocations=10 (full 2):
 PSYoungGen      total 131072K, used 128099K [0x00000000f5580000, 0x0000000100000000, 0x0000000100000000)
  eden space 118784K, 100% used [0x00000000f5580000,0x00000000fc980000,0x00000000fc980000)
  from space 12288K, 75% used [0x00000000fc980000,0x00000000fd298e38,0x00000000fd580000)
  to   space 12288K, 0% used [0x00000000ff400000,0x00000000ff400000,0x0000000100000000)
 ParOldGen       total 168960K, used 11422K [0x00000000e0000000, 0x00000000ea500000, 0x00000000f5580000)
  object space 168960K, 6% used [0x00000000e0000000,0x00000000e0b279e0,0x00000000ea500000)
 Metaspace       used 52554K, capacity 56020K, committed 56232K, reserved 1097728K
  class space    used 7197K, capacity 7829K, committed 7848K, reserved 1048576K
Event: 4.986 GC heap after
Heap after GC invocations=10 (full 2):
 PSYoungGen      total 156160K, used 12286K [0x00000000f5580000, 0x0000000100000000, 0x0000000100000000)
  eden space 143872K, 0% used [0x00000000f5580000,0x00000000f5580000,0x00000000fe200000)
  from space 12288K, 99% used [0x00000000ff400000,0x00000000fffff920,0x0000000100000000)
  to   space 15360K, 0% used [0x00000000fe200000,0x00000000fe200000,0x00000000ff100000)
 ParOldGen       total 168960K, used 15101K [0x00000000e0000000, 0x00000000ea500000, 0x00000000f5580000)
  object space 168960K, 8% used [0x00000000e0000000,0x00000000e0ebf518,0x00000000ea500000)
 Metaspace       used 52554K, capacity 56020K, committed 56232K, reserved 1097728K
  class space    used 7197K, capacity 7829K, committed 7848K, reserved 1048576K
}
Event: 5.382 GC heap before
{Heap before GC invocations=11 (full 2):
 PSYoungGen      total 156160K, used 51413K [0x00000000f5580000, 0x0000000100000000, 0x0000000100000000)
  eden space 143872K, 27% used [0x00000000f5580000,0x00000000f7bb5c58,0x00000000fe200000)
  from space 12288K, 99% used [0x00000000ff400000,0x00000000fffff920,0x0000000100000000)
  to   space 15360K, 0% used [0x00000000fe200000,0x00000000fe200000,0x00000000ff100000)
 ParOldGen       total 168960K, used 15101K [0x00000000e0000000, 0x00000000ea500000, 0x00000000f5580000)
  object space 168960K, 8% used [0x00000000e0000000,0x00000000e0ebf518,0x00000000ea500000)
 Metaspace       used 55658K, capacity 59136K, committed 59160K, reserved 1099776K
  class space    used 7720K, capacity 8337K, committed 8360K, reserved 1048576K
Event: 5.389 GC heap after
Heap after GC invocations=11 (full 2):
 PSYoungGen      total 159232K, used 9945K [0x00000000f5580000, 0x0000000100000000, 0x0000000100000000)
  eden space 143872K, 0% used [0x00000000f5580000,0x00000000f5580000,0x00000000fe200000)
  from space 15360K, 64% used [0x00000000fe200000,0x00000000febb6780,0x00000000ff100000)
  to   space 14848K, 0% used [0x00000000ff180000,0x00000000ff180000,0x0000000100000000)
 ParOldGen       total 168960K, used 15109K [0x00000000e0000000, 0x00000000ea500000, 0x00000000f5580000)
  object space 168960K, 8% used [0x00000000e0000000,0x00000000e0ec1518,0x00000000ea500000)
 Metaspace       used 55658K, capacity 59136K, committed 59160K, reserved 1099776K
  class space    used 7720K, capacity 8337K, committed 8360K, reserved 1048576K
}
Event: 5.389 GC heap before
{Heap before GC invocations=12 (full 3):
 PSYoungGen      total 159232K, used 9945K [0x00000000f5580000, 0x0000000100000000, 0x0000000100000000)
  eden space 143872K, 0% used [0x00000000f5580000,0x00000000f5580000,0x00000000fe200000)
  from space 15360K, 64% used [0x00000000fe200000,0x00000000febb6780,0x00000000ff100000)
  to   space 14848K, 0% used [0x00000000ff180000,0x00000000ff180000,0x0000000100000000)
 ParOldGen       total 168960K, used 15109K [0x00000000e0000000, 0x00000000ea500000, 0x00000000f5580000)
  object space 168960K, 8% used [0x00000000e0000000,0x00000000e0ec1518,0x00000000ea500000)
 Metaspace       used 55658K, capacity 59136K, committed 59160K, reserved 1099776K
  class space    used 7720K, capacity 8337K, committed 8360K, reserved 1048576K

Deoptimization events (10 events):
Event: 4.018 Thread 0x000002382dd54800 Uncommon trap: reason=unstable_if action=reinterpret pc=0x000002382fa23afc method=java.util.zip.ZipCoder.getBytes(Ljava/lang/String;)[B @ 32
Event: 4.018 Thread 0x000002382dd54800 Uncommon trap: reason=unstable_if action=reinterpret pc=0x00000238303d6288 method=java.net.URLStreamHandler.parseURL(Ljava/net/URL;Ljava/lang/String;II)V @ 57
Event: 4.185 Thread 0x000002382dd54800 Uncommon trap: reason=unstable_if action=reinterpret pc=0x000002382f853ed8 method=java.lang.ClassLoader.getClassLoadingLock(Ljava/lang/String;)Ljava/lang/Object; @ 6
Event: 4.185 Thread 0x000002382dd54800 Uncommon trap: reason=unstable_if action=reinterpret pc=0x000002382f879080 method=java.lang.ClassLoader.getClassLoadingLock(Ljava/lang/String;)Ljava/lang/Object; @ 6
Event: 4.339 Thread 0x000002382dd54800 Uncommon trap: reason=range_check action=make_not_entrant pc=0x00000238301bc144 method=java.util.zip.ZipUtils.get16([BI)I @ 10
Event: 4.710 Thread 0x000002382dd54800 Uncommon trap: reason=unstable_if action=reinterpret pc=0x0000023830116844 method=org.springframework.beans.factory.support.AbstractAutowireCapableBeanFactory.determineTargetType(Ljava/lang/String;Lorg/springframework/beans/factory/support/RootBeanDefinit
Event: 4.711 Thread 0x000002382dd54800 Uncommon trap: reason=unstable_if action=reinterpret pc=0x00000238302bc724 method=java.lang.Class$MethodArray.addIfNotPresent(Ljava/lang/reflect/Method;)V @ 19
Event: 4.851 Thread 0x000002382dd54800 Uncommon trap: reason=bimorphic action=maybe_recompile pc=0x00000238301d5368 method=java.lang.Throwable.<init>(Ljava/lang/String;Ljava/lang/Throwable;)V @ 24
Event: 4.852 Thread 0x000002382dd54800 Uncommon trap: reason=bimorphic action=maybe_recompile pc=0x00000238301d5368 method=java.lang.Throwable.<init>(Ljava/lang/String;Ljava/lang/Throwable;)V @ 24
Event: 5.097 Thread 0x000002382dd54800 Uncommon trap: reason=unstable_if action=reinterpret pc=0x000002383031b7ac method=java.util.HashMap$HashIterator.<init>(Ljava/util/HashMap;)V @ 45

Classes redefined (0 events):
No events

Internal exceptions (10 events):
Event: 4.713 Thread 0x000002382dd54800 Exception <a 'java/lang/ClassNotFoundException': org/hibernate/id/PersistentIdentifierGeneratorCustomizer> (0x00000000fb13d7b8) thrown at [C:\jenkins\workspace\8-2-build-windows-amd64-cygwin\jdk8u281\880\hotspot\src\share\vm\classfile\systemDictionary.cpp
Event: 4.713 Thread 0x000002382dd54800 Exception <a 'java/lang/ClassNotFoundException': org/hibernate/id/IdentifierGeneratorCustomizer> (0x00000000fb156868) thrown at [C:\jenkins\workspace\8-2-build-windows-amd64-cygwin\jdk8u281\880\hotspot\src\share\vm\classfile\systemDictionary.cpp, line 212
Event: 4.714 Thread 0x000002382dd54800 Exception <a 'java/lang/ClassNotFoundException': org/hibernate/id/ConfigurableCustomizer> (0x00000000fb16f9f0) thrown at [C:\jenkins\workspace\8-2-build-windows-amd64-cygwin\jdk8u281\880\hotspot\src\share\vm\classfile\systemDictionary.cpp, line 212]
Event: 4.714 Thread 0x000002382dd54800 Exception <a 'java/lang/ClassNotFoundException': org/hibernate/boot/model/relational/ExportableProducerCustomizer> (0x00000000fb18dff0) thrown at [C:\jenkins\workspace\8-2-build-windows-amd64-cygwin\jdk8u281\880\hotspot\src\share\vm\classfile\systemDictio
Event: 4.715 Thread 0x000002382dd54800 Exception <a 'java/lang/ClassNotFoundException': org/hibernate/id/BulkInsertionCapableIdentifierGeneratorCustomizer> (0x00000000fb1ac758) thrown at [C:\jenkins\workspace\8-2-build-windows-amd64-cygwin\jdk8u281\880\hotspot\src\share\vm\classfile\systemDict
Event: 4.715 Thread 0x000002382dd54800 Exception <a 'java/lang/ClassNotFoundException': org/hibernate/id/IdentifierGeneratorCustomizer> (0x00000000fb1c6de0) thrown at [C:\jenkins\workspace\8-2-build-windows-amd64-cygwin\jdk8u281\880\hotspot\src\share\vm\classfile\systemDictionary.cpp, line 212
Event: 4.716 Thread 0x000002382dd54800 Exception <a 'java/lang/ClassNotFoundException': org/hibernate/id/ConfigurableCustomizer> (0x00000000fb1dfb98) thrown at [C:\jenkins\workspace\8-2-build-windows-amd64-cygwin\jdk8u281\880\hotspot\src\share\vm\classfile\systemDictionary.cpp, line 212]
Event: 4.716 Thread 0x000002382dd54800 Exception <a 'java/lang/ClassNotFoundException': org/hibernate/boot/model/relational/ExportableProducerCustomizer> (0x00000000fb1fe058) thrown at [C:\jenkins\workspace\8-2-build-windows-amd64-cygwin\jdk8u281\880\hotspot\src\share\vm\classfile\systemDictio
Event: 5.155 Thread 0x000002382dd54800 Exception <a 'java/lang/ClassNotFoundException': java/lang/Module> (0x00000000f6861770) thrown at [C:\jenkins\workspace\8-2-build-windows-amd64-cygwin\jdk8u281\880\hotspot\src\share\vm\classfile\systemDictionary.cpp, line 212]
Event: 5.235 Thread 0x000002382dd54800 Exception <a 'java/lang/NoSuchMethodError': java.lang.Object.lambda$static$0(Lorg/hibernate/loader/plan/spi/LoadPlan;Lorg/hibernate/loader/plan/exec/spi/AliasResolutionContext;Lorg/hibernate/loader/plan/exec/process/spi/ReaderCollector;ZZ)Lorg/hibernate/l

Events (10 events):
Event: 5.379 Thread 0x000002382dd54800 DEOPT UNPACKING pc=0x000002382f737898 sp=0x0000004ededf7ca0 mode 1
Event: 5.379 Thread 0x000002382dd54800 DEOPT PACKING pc=0x000002382fb94f3c sp=0x0000004ededf8010
Event: 5.379 Thread 0x000002382dd54800 DEOPT UNPACKING pc=0x000002382f737898 sp=0x0000004ededf7e20 mode 1
Event: 5.381 loading class org/h2/constraint/Constraint$Type
Event: 5.381 loading class org/h2/constraint/Constraint$Type done
Event: 5.381 Thread 0x000002382dd54800 DEOPT PACKING pc=0x000002382fb951ac sp=0x0000004ededf9180
Event: 5.381 Thread 0x000002382dd54800 DEOPT UNPACKING pc=0x000002382f737898 sp=0x0000004ededf8f90 mode 1
Event: 5.381 Thread 0x000002382dd54800 DEOPT PACKING pc=0x000002382fb94f3c sp=0x0000004ededf9300
Event: 5.381 Thread 0x000002382dd54800 DEOPT UNPACKING pc=0x000002382f737898 sp=0x0000004ededf9110 mode 1
Event: 5.381 Executing VM operation: CollectForMetadataAllocation


Dynamic libraries:
0x00007ff68dbb0000 - 0x00007ff68dbf7000 	C:\Program Files\Java\jdk1.8.0_281\bin\java.exe
0x00007ffd867d0000 - 0x00007ffd869c5000 	C:\Windows\SYSTEM32\ntdll.dll
0x00007ffd85190000 - 0x00007ffd8524d000 	C:\Windows\System32\KERNEL32.DLL
0x00007ffd83ee0000 - 0x00007ffd841ad000 	C:\Windows\System32\KERNELBASE.dll
0x00007ffd85d10000 - 0x00007ffd85dbe000 	C:\Windows\System32\ADVAPI32.dll
0x00007ffd85250000 - 0x00007ffd852ee000 	C:\Windows\System32\msvcrt.dll
0x00007ffd84880000 - 0x00007ffd8491c000 	C:\Windows\System32\sechost.dll
0x00007ffd85dc0000 - 0x00007ffd85ee5000 	C:\Windows\System32\RPCRT4.dll
0x00007ffd84d70000 - 0x00007ffd84f10000 	C:\Windows\System32\USER32.dll
0x00007ffd842e0000 - 0x00007ffd84302000 	C:\Windows\System32\win32u.dll
0x00007ffd85ef0000 - 0x00007ffd85f1a000 	C:\Windows\System32\GDI32.dll
0x00007ffd84310000 - 0x00007ffd8441b000 	C:\Windows\System32\gdi32full.dll
0x00007ffd846f0000 - 0x00007ffd8478d000 	C:\Windows\System32\msvcp_win.dll
0x00007ffd841b0000 - 0x00007ffd842b0000 	C:\Windows\System32\ucrtbase.dll
0x00007ffd832f0000 - 0x00007ffd8358a000 	C:\Windows\WinSxS\amd64_microsoft.windows.common-controls_6595b64144ccf1df_6.0.19041.1110_none_60b5254171f9507e\COMCTL32.dll
0x00007ffd852f0000 - 0x00007ffd85320000 	C:\Windows\System32\IMM32.DLL
0x00007ffd7da90000 - 0x00007ffd7daa5000 	C:\Program Files\Java\jdk1.8.0_281\jre\bin\vcruntime140.dll
0x00007ffd633f0000 - 0x00007ffd6348b000 	C:\Program Files\Java\jdk1.8.0_281\jre\bin\msvcp140.dll
0x0000000051f50000 - 0x00000000527af000 	C:\Program Files\Java\jdk1.8.0_281\jre\bin\server\jvm.dll
0x00007ffd85f20000 - 0x00007ffd85f28000 	C:\Windows\System32\PSAPI.DLL
0x00007ffd6e0b0000 - 0x00007ffd6e0d7000 	C:\Windows\SYSTEM32\WINMM.dll
0x00007ffd80a90000 - 0x00007ffd80a9a000 	C:\Windows\SYSTEM32\VERSION.dll
0x00007ffd704c0000 - 0x00007ffd704c9000 	C:\Windows\SYSTEM32\WSOCK32.dll
0x00007ffd85b90000 - 0x00007ffd85bfb000 	C:\Windows\System32\WS2_32.dll
0x00007ffd82120000 - 0x00007ffd82132000 	C:\Windows\SYSTEM32\kernel.appcore.dll
0x00007ffd7fe20000 - 0x00007ffd7fe30000 	C:\Program Files\Java\jdk1.8.0_281\jre\bin\verify.dll
0x00007ffd633c0000 - 0x00007ffd633eb000 	C:\Program Files\Java\jdk1.8.0_281\jre\bin\java.dll
0x00007ffd60720000 - 0x00007ffd60756000 	C:\Program Files\Java\jdk1.8.0_281\jre\bin\jdwp.dll
0x00007ffd67ce0000 - 0x00007ffd67ce9000 	C:\Program Files\Java\jdk1.8.0_281\jre\bin\npt.dll
0x00007ffd633a0000 - 0x00007ffd633b8000 	C:\Program Files\Java\jdk1.8.0_281\jre\bin\zip.dll
0x00007ffd85380000 - 0x00007ffd85ac4000 	C:\Windows\System32\SHELL32.dll
0x00007ffd81970000 - 0x00007ffd82104000 	C:\Windows\SYSTEM32\windows.storage.dll
0x00007ffd84980000 - 0x00007ffd84cd4000 	C:\Windows\System32\combase.dll
0x00007ffd83250000 - 0x00007ffd8327c000 	C:\Windows\SYSTEM32\Wldp.dll
0x00007ffd85ad0000 - 0x00007ffd85b7d000 	C:\Windows\System32\SHCORE.dll
0x00007ffd84cf0000 - 0x00007ffd84d45000 	C:\Windows\System32\shlwapi.dll
0x00007ffd83e20000 - 0x00007ffd83e3f000 	C:\Windows\SYSTEM32\profapi.dll
0x00007ffd66120000 - 0x00007ffd6612a000 	C:\Program Files\Java\jdk1.8.0_281\jre\bin\dt_socket.dll
0x00007ffd83160000 - 0x00007ffd831ca000 	C:\Windows\system32\mswsock.dll
0x00007ffd63360000 - 0x00007ffd6337c000 	C:\Program Files\Java\jdk1.8.0_281\jre\bin\net.dll
0x00007ffd63340000 - 0x00007ffd63353000 	C:\Program Files\Java\jdk1.8.0_281\jre\bin\nio.dll
0x00007ffd83c70000 - 0x00007ffd83c88000 	C:\Windows\SYSTEM32\CRYPTSP.dll
0x00007ffd82950000 - 0x00007ffd82984000 	C:\Windows\system32\rsaenh.dll
0x00007ffd842b0000 - 0x00007ffd842d7000 	C:\Windows\System32\bcrypt.dll
0x00007ffd83de0000 - 0x00007ffd83e0e000 	C:\Windows\SYSTEM32\USERENV.dll
0x00007ffd84790000 - 0x00007ffd84812000 	C:\Windows\System32\bcryptprimitives.dll
0x00007ffd83090000 - 0x00007ffd8309c000 	C:\Windows\SYSTEM32\CRYPTBASE.dll
0x00007ffd82ca0000 - 0x00007ffd82cdb000 	C:\Windows\SYSTEM32\IPHLPAPI.DLL
0x00007ffd84ce0000 - 0x00007ffd84ce8000 	C:\Windows\System32\NSI.dll
0x00007ffd7ac10000 - 0x00007ffd7ac27000 	C:\Windows\SYSTEM32\dhcpcsvc6.DLL
0x00007ffd7ad50000 - 0x00007ffd7ad6d000 	C:\Windows\SYSTEM32\dhcpcsvc.DLL
0x00007ffd82ce0000 - 0x00007ffd82dab000 	C:\Windows\SYSTEM32\DNSAPI.dll
0x00007ffd7d620000 - 0x00007ffd7d62d000 	C:\Program Files\Java\jdk1.8.0_281\jre\bin\management.dll
0x00007ffd6ab60000 - 0x00007ffd6ab77000 	C:\Windows\system32\napinsp.dll
0x00007ffd6a500000 - 0x00007ffd6a51b000 	C:\Windows\system32\pnrpnsp.dll
0x00007ffd7e290000 - 0x00007ffd7e2a5000 	C:\Windows\system32\wshbth.dll
0x00007ffd7fa10000 - 0x00007ffd7fa2d000 	C:\Windows\system32\NLAapi.dll
0x00007ffd6a380000 - 0x00007ffd6a392000 	C:\Windows\System32\winrnr.dll
0x00007ffd7c0a0000 - 0x00007ffd7c0aa000 	C:\Windows\System32\rasadhlp.dll
0x00007ffd71050000 - 0x00007ffd710d0000 	C:\Windows\System32\fwpuclnt.dll
0x00007ffd65cb0000 - 0x00007ffd65cd4000 	C:\Program Files\Java\jdk1.8.0_281\jre\bin\sunec.dll
0x00007ffd65460000 - 0x00007ffd6546d000 	C:\Program Files\Java\jdk1.8.0_281\jre\bin\sunmscapi.dll
0x00007ffd844d0000 - 0x00007ffd84626000 	C:\Windows\System32\CRYPT32.dll
0x00007ffd832c0000 - 0x00007ffd832e7000 	C:\Windows\SYSTEM32\ncrypt.dll
0x00007ffd83280000 - 0x00007ffd832bb000 	C:\Windows\SYSTEM32\NTASN1.dll
0x00007ffd83890000 - 0x00007ffd83a74000 	C:\Windows\SYSTEM32\dbghelp.dll

VM Arguments:
jvm_args: -Djava.security.manager=worker.org.gradle.process.internal.worker.child.BootstrapSecurityManager -Dorg.gradle.internal.worker.tmpdir=C:\Users\Jun_Kim\IdeaProjects\homework_delivery_app\build\tmp\test\work -Dorg.gradle.native=false -agentlib:jdwp=transport=dt_socket,server=n,suspend=y,address=127.0.0.1:10464 -Xmx512m -Dfile.encoding=UTF-8 -Duser.country=KR -Duser.language=ko -Duser.variant -ea 
java_command: worker.org.gradle.process.internal.worker.GradleWorkerMain 'Gradle Test Executor 8'
java_class_path (initial): C:\Users\Jun_Kim\.gradle\caches\7.4.1\workerMain\gradle-worker.jar
Launcher Type: SUN_STANDARD

Environment Variables:
JAVA_HOME=C:\Program Files\Zulu\zulu-8
CLASSPATH=C:\Program Files\Zulu\zulu-8\lib
PATH=C:\Program Files\Zulu\zulu-8\bin\;C:\Users\Jun_Kim\Downloads\WINDOWS.X64_193000_db_home\bin;C:\WINDOWS.X64_193000_db_home\bin;C:\Program Files (x86)\Common Files\Oracle\Java\javapath;C:\Windows\system32;C:\Windows;C:\Windows\System32\Wbem;C:\Windows\System32\WindowsPowerShell\v1.0\;C:\Windows\System32\OpenSSH\;C:\Program Files\Zulu\zulu-8\bin;C:\Program Files\Git\cmd;C:\Users\Jun_Kim\AppData\Roaming\nvm;C:\Program Files\nodejs;C:\Program Files\PuTTY\;C:\Program Files\dotnet\;C:\Users\Jun_Kim\AppData\Local\Programs\Python\Python38\Scripts\;C:\Users\Jun_Kim\AppData\Local\Programs\Python\Python38\;C:\Users\Jun_Kim\AppData\Local\Microsoft\WindowsApps;C:\Program Files\Bandizip\;C:\Users\Jun_Kim\AppData\Roaming\nvm;C:\Program Files\nodejs;C:\Users\Jun_Kim\AppData\Local\GitHubDesktop\bin;C:\Program Files\JetBrains\IntelliJ IDEA Community Edition 2022.1\bin;;C:\Program Files\JetBrains\IntelliJ IDEA 2022.1.1\bin;;C:\Program Files\Zulu\zulu-8\bin;
USERNAME=Jun_Kim
OS=Windows_NT
PROCESSOR_IDENTIFIER=Intel64 Family 6 Model 158 Stepping 10, GenuineIntel



---------------  S Y S T E M  ---------------

OS: Windows 10.0 , 64 bit Build 19041 (10.0.19041.1706)

CPU:total 8 (initial active 8) (4 cores per cpu, 2 threads per core) family 6 model 158 stepping 10, cmov, cx8, fxsr, mmx, sse, sse2, sse3, ssse3, sse4.1, sse4.2, popcnt, avx, avx2, aes, clmul, erms, 3dnowpref, lzcnt, ht, tsc, tscinvbit, bmi1, bmi2, adx

Memory: 4k page, physical 16629828k(5543340k free), swap 24494148k(8247280k free)

vm_info: Java HotSpot(TM) 64-Bit Server VM (25.281-b09) for windows-amd64 JRE (1.8.0_281-b09), built on Dec  9 2020 13:54:07 by "" with MS VC++ 15.9 (VS2017)

time: Tue Jun  7 13:14:55 2022
timezone: 대한민국 표준시
elapsed time: 5.415297 seconds (0d 0h 0m 5s)

