#
# A fatal error has been detected by the Java Runtime Environment:
#
#  EXCEPTION_ACCESS_VIOLATION (0xc0000005) at pc=0x00000000523c26a0, pid=11928, tid=0x0000000000001530
#
# JRE version: Java(TM) SE Runtime Environment (8.0_281-b09) (build 1.8.0_281-b09)
# Java VM: Java HotSpot(TM) 64-Bit Server VM (25.281-b09 mixed mode windows-amd64 compressed oops)
# Problematic frame:
# V  [jvm.dll+0x4726a0]
#
# Failed to write core dump. Minidumps are not enabled by default on client versions of Windows
#
# If you would like to submit a bug report, please visit:
#   http://bugreport.java.com/bugreport/crash.jsp
#

---------------  T H R E A D  ---------------

Current thread (0x0000017caf477000):  JavaThread "C2 CompilerThread1" daemon [_thread_in_native, id=5424, stack(0x0000000e93600000,0x0000000e93700000)]

siginfo: ExceptionCode=0xc0000005, reading address 0x0000000042737730

Registers:
RAX=0x0000000000000000, RBX=0x0000017cb5c807b0, RCX=0x0000000000000000, RDX=0x0000000000000008
RSP=0x0000000e936faec0, RBP=0x0000000e936fb070, RSI=0x000000000000002f, RDI=0x0000000e936faf20
R8 =0x0000000042737730, R9 =0x0000017cb8b49960, R10=0x0000000051f50000, R11=0x0000000000000001
R12=0x0000000051f50000, R13=0x0000000000000000, R14=0x000000000000002f, R15=0x0000000052737730
RIP=0x00000000523c26a0, EFLAGS=0x0000000000010246

Top of Stack: (sp=0x0000000e936faec0)
0x0000000e936faec0:   0000000000000114 000000005238931c
0x0000000e936faed0:   0000017cb8783050 0000000e936fb390
0x0000000e936faee0:   0000000052737730 0000000000000019
0x0000000e936faef0:   0000000000005cd9 00000000523bfbc0
0x0000000e936faf00:   0000017cb5c807b0 0000000e936fb070
0x0000000e936faf10:   0000000000005cd9 00000c1700000000
0x0000000e936faf20:   000016c300000000 0000000000000006
0x0000000e936faf30:   0000000042737730 0000000000000017
0x0000000e936faf40:   0000017cb45c8a40 000000000000005e
0x0000000e936faf50:   0000017cb5f3d7f0 0000000000000000
0x0000000e936faf60:   000000000000752f 0000000000000000
0x0000000e936faf70:   0000000051f50000 000000005238793c
0x0000000e936faf80:   0000017cb8a0cf40 0000000e936fb390
0x0000000e936faf90:   0000000000005cd9 0000000000000000
0x0000000e936fafa0:   0000449100000000 0000000000000008
0x0000000e936fafb0:   0000017cb8b49700 0000000000000001 

Instructions: (pc=0x00000000523c26a0)
0x00000000523c2680:   48 8b 47 20 44 8b f6 4e 8b 04 f0 4d 3b c7 0f 84
0x00000000523c2690:   83 00 00 00 33 c0 4c 89 47 10 33 c9 0f 1f 40 00
0x00000000523c26a0:   42 83 3c 01 00 8d 50 01 0f 85 c9 00 00 00 48 83
0x00000000523c26b0:   c1 04 8b c2 83 fa 08 72 e7 48 8b 6f 30 48 85 ed 


Register to memory mapping:

RAX=0x0000000000000000 is an unknown value
RBX=0x0000017cb5c807b0 is an unknown value
RCX=0x0000000000000000 is an unknown value
RDX=0x0000000000000008 is an unknown value
RSP=0x0000000e936faec0 is pointing into the stack for thread: 0x0000017caf477000
RBP=0x0000000e936fb070 is pointing into the stack for thread: 0x0000017caf477000
RSI=0x000000000000002f is an unknown value
RDI=0x0000000e936faf20 is pointing into the stack for thread: 0x0000017caf477000
R8 =0x0000000042737730 is an unknown value
R9 =0x0000017cb8b49960 is an unknown value
R10=0x0000000051f50000 is an unknown value
R11=0x0000000000000001 is an unknown value
R12=0x0000000051f50000 is an unknown value
R13=0x0000000000000000 is an unknown value
R14=0x000000000000002f is an unknown value
R15=0x0000000052737730 is an unknown value


Stack: [0x0000000e93600000,0x0000000e93700000],  sp=0x0000000e936faec0,  free space=1003k
Native frames: (J=compiled Java code, j=interpreted, Vv=VM code, C=native code)
V  [jvm.dll+0x4726a0]
V  [jvm.dll+0x46fbc0]
V  [jvm.dll+0x43793c]
V  [jvm.dll+0x437609]
V  [jvm.dll+0x4403d5]
V  [jvm.dll+0x43f795]
V  [jvm.dll+0x42a5e7]
V  [jvm.dll+0xabe9b]
V  [jvm.dll+0xaa4fb]
V  [jvm.dll+0x23d6b2]
V  [jvm.dll+0x291cbc]
C  [ucrtbase.dll+0x21bb2]
C  [KERNEL32.DLL+0x17034]
C  [ntdll.dll+0x52651]


Current CompileTask:
C2:   2690 2272       4       java.net.URLClassLoader$1::run (5 bytes)


---------------  P R O C E S S  ---------------

Java Threads: ( => current thread )
  0x0000017cb02d1000 JavaThread "/127.0.0.1:10488 to /127.0.0.1:10486 workers Thread 3" [_thread_in_native, id=20252, stack(0x0000000e93e00000,0x0000000e93f00000)]
  0x0000017cb02d0000 JavaThread "/127.0.0.1:10488 to /127.0.0.1:10486 workers Thread 2" [_thread_blocked, id=21756, stack(0x0000000e93d00000,0x0000000e93e00000)]
  0x0000017cb02c3000 JavaThread "/127.0.0.1:10488 to /127.0.0.1:10486 workers" [_thread_blocked, id=22248, stack(0x0000000e93c00000,0x0000000e93d00000)]
  0x0000017caf526800 JavaThread "Service Thread" daemon [_thread_blocked, id=21880, stack(0x0000000e93900000,0x0000000e93a00000)]
  0x0000017caf493000 JavaThread "C1 CompilerThread3" daemon [_thread_in_vm, id=22128, stack(0x0000000e93800000,0x0000000e93900000)]
  0x0000017caf489000 JavaThread "C2 CompilerThread2" daemon [_thread_in_native, id=22016, stack(0x0000000e93700000,0x0000000e93800000)]
=>0x0000017caf477000 JavaThread "C2 CompilerThread1" daemon [_thread_in_native, id=5424, stack(0x0000000e93600000,0x0000000e93700000)]
  0x0000017caf476000 JavaThread "C2 CompilerThread0" daemon [_thread_in_native, id=16032, stack(0x0000000e93500000,0x0000000e93600000)]
  0x0000017caf468000 JavaThread "JDWP Command Reader" daemon [_thread_in_native, id=22096, stack(0x0000000e93400000,0x0000000e93500000)]
  0x0000017caf465000 JavaThread "JDWP Event Helper Thread" daemon [_thread_blocked, id=22144, stack(0x0000000e93300000,0x0000000e93400000)]
  0x0000017caf452000 JavaThread "JDWP Transport Listener: dt_socket" daemon [_thread_blocked, id=22080, stack(0x0000000e93200000,0x0000000e93300000)]
  0x0000017cae16b800 JavaThread "Attach Listener" daemon [_thread_blocked, id=12636, stack(0x0000000e93100000,0x0000000e93200000)]
  0x0000017caf448800 JavaThread "Signal Dispatcher" daemon [_thread_blocked, id=17580, stack(0x0000000e93000000,0x0000000e93100000)]
  0x0000017cae0c9800 JavaThread "Finalizer" daemon [_thread_blocked, id=22076, stack(0x0000000e92f00000,0x0000000e93000000)]
  0x0000017cae0ba000 JavaThread "Reference Handler" daemon [_thread_blocked, id=22140, stack(0x0000000e92e00000,0x0000000e92f00000)]
  0x0000017c9abc9000 JavaThread "Test worker" [_thread_in_Java, id=21988, stack(0x0000000e92400000,0x0000000e92500000)]

Other Threads:
  0x0000017cae091800 VMThread [stack: 0x0000000e92d00000,0x0000000e92e00000] [id=22064]
  0x0000017caf59b800 WatcherThread [stack: 0x0000000e93a00000,0x0000000e93b00000] [id=21944]

VM state:not at safepoint (normal execution)

VM Mutex/Monitor currently owned by a thread: None

heap address: 0x00000000e0000000, size: 512 MB, Compressed Oops mode: 32-bit
Narrow klass base: 0x0000000000000000, Narrow klass shift: 3
Compressed class space size: 1073741824 Address: 0x0000000100000000

Heap:
 PSYoungGen      total 100352K, used 62129K [0x00000000f5580000, 0x00000000fc380000, 0x0000000100000000)
  eden space 89600K, 63% used [0x00000000f5580000,0x00000000f8d18170,0x00000000fad00000)
  from space 10752K, 48% used [0x00000000fb780000,0x00000000fbc943c8,0x00000000fc200000)
  to   space 10752K, 0% used [0x00000000fad00000,0x00000000fad00000,0x00000000fb780000)
 ParOldGen       total 113152K, used 8853K [0x00000000e0000000, 0x00000000e6e80000, 0x00000000f5580000)
  object space 113152K, 7% used [0x00000000e0000000,0x00000000e08a5500,0x00000000e6e80000)
 Metaspace       used 30474K, capacity 32872K, committed 33072K, reserved 1077248K
  class space    used 4069K, capacity 4546K, committed 4656K, reserved 1048576K

Card table byte_map: [0x0000017cab8f0000,0x0000017caba00000] byte_map_base: 0x0000017cab1f0000

Marking Bits: (ParMarkBitMap*) 0x0000000052736ff0
 Begin Bits: [0x0000017cabab0000, 0x0000017cac2b0000)
 End Bits:   [0x0000017cac2b0000, 0x0000017cacab0000)

Polling page: 0x0000017c9c500000

CodeCache: size=245760Kb used=10286Kb max_used=10286Kb free=235473Kb
 bounds [0x0000017c9c530000, 0x0000017c9cf50000, 0x0000017cab530000]
 total_blobs=3263 nmethods=2873 adapters=310
 compilation: enabled

Compilation events (10 events):
Event: 2.661 Thread 0x0000017caf493000 2848       3       org.springframework.core.ResolvableType$DefaultVariableResolver::<init> (10 bytes)
Event: 2.661 Thread 0x0000017caf493000 nmethod 2848 0x0000017c9cf0e190 code [0x0000017c9cf0e2e0, 0x0000017c9cf0e4b8]
Event: 2.662 Thread 0x0000017caf476000 2849       4       sun.misc.JarIndex::get (49 bytes)
Event: 2.667 Thread 0x0000017caf493000 2851       3       org.springframework.beans.factory.support.AbstractBeanFactory::isFactoryBean (60 bytes)
Event: 2.667 Thread 0x0000017caf493000 nmethod 2851 0x0000017c9cf0d690 code [0x0000017c9cf0d840, 0x0000017c9cf0df80]
Event: 2.668 Thread 0x0000017caf493000 2852       3       org.springframework.beans.factory.support.AbstractBeanDefinition::getBeanClass (63 bytes)
Event: 2.668 Thread 0x0000017caf493000 nmethod 2852 0x0000017c9cf0bf50 code [0x0000017c9cf0c1a0, 0x0000017c9cf0d050]
Event: 2.675 Thread 0x0000017caf493000 2854       3       sun.misc.ProxyGenerator$FieldInfo::<init> (44 bytes)
Event: 2.676 Thread 0x0000017caf493000 nmethod 2854 0x0000017c9cf1a150 code [0x0000017c9cf1a320, 0x0000017c9cf1a8e0]
Event: 2.676 Thread 0x0000017caf493000 2856       3       sun.misc.ProxyGenerator$ProxyMethod::generateMethod (733 bytes)

GC Heap History (10 events):
Event: 0.980 GC heap before
{Heap before GC invocations=1 (full 0):
 PSYoungGen      total 75776K, used 65024K [0x00000000f5580000, 0x00000000faa00000, 0x0000000100000000)
  eden space 65024K, 100% used [0x00000000f5580000,0x00000000f9500000,0x00000000f9500000)
  from space 10752K, 0% used [0x00000000f9f80000,0x00000000f9f80000,0x00000000faa00000)
  to   space 10752K, 0% used [0x00000000f9500000,0x00000000f9500000,0x00000000f9f80000)
 ParOldGen       total 173568K, used 0K [0x00000000e0000000, 0x00000000ea980000, 0x00000000f5580000)
  object space 173568K, 0% used [0x00000000e0000000,0x00000000e0000000,0x00000000ea980000)
 Metaspace       used 14443K, capacity 15598K, committed 15744K, reserved 1062912K
  class space    used 1858K, capacity 2123K, committed 2176K, reserved 1048576K
Event: 0.986 GC heap after
Heap after GC invocations=1 (full 0):
 PSYoungGen      total 75776K, used 8957K [0x00000000f5580000, 0x00000000faa00000, 0x0000000100000000)
  eden space 65024K, 0% used [0x00000000f5580000,0x00000000f5580000,0x00000000f9500000)
  from space 10752K, 83% used [0x00000000f9500000,0x00000000f9dbf7d8,0x00000000f9f80000)
  to   space 10752K, 0% used [0x00000000f9f80000,0x00000000f9f80000,0x00000000faa00000)
 ParOldGen       total 173568K, used 16K [0x00000000e0000000, 0x00000000ea980000, 0x00000000f5580000)
  object space 173568K, 0% used [0x00000000e0000000,0x00000000e0004000,0x00000000ea980000)
 Metaspace       used 14443K, capacity 15598K, committed 15744K, reserved 1062912K
  class space    used 1858K, capacity 2123K, committed 2176K, reserved 1048576K
}
Event: 1.394 GC heap before
{Heap before GC invocations=2 (full 0):
 PSYoungGen      total 75776K, used 63381K [0x00000000f5580000, 0x00000000faa00000, 0x0000000100000000)
  eden space 65024K, 83% used [0x00000000f5580000,0x00000000f8aa5f20,0x00000000f9500000)
  from space 10752K, 83% used [0x00000000f9500000,0x00000000f9dbf7d8,0x00000000f9f80000)
  to   space 10752K, 0% used [0x00000000f9f80000,0x00000000f9f80000,0x00000000faa00000)
 ParOldGen       total 173568K, used 16K [0x00000000e0000000, 0x00000000ea980000, 0x00000000f5580000)
  object space 173568K, 0% used [0x00000000e0000000,0x00000000e0004000,0x00000000ea980000)
 Metaspace       used 19915K, capacity 21286K, committed 21296K, reserved 1067008K
  class space    used 2550K, capacity 2855K, committed 2864K, reserved 1048576K
Event: 1.400 GC heap after
Heap after GC invocations=2 (full 0):
 PSYoungGen      total 75776K, used 9348K [0x00000000f5580000, 0x00000000faa00000, 0x0000000100000000)
  eden space 65024K, 0% used [0x00000000f5580000,0x00000000f5580000,0x00000000f9500000)
  from space 10752K, 86% used [0x00000000f9f80000,0x00000000fa8a13f8,0x00000000faa00000)
  to   space 10752K, 0% used [0x00000000f9500000,0x00000000f9500000,0x00000000f9f80000)
 ParOldGen       total 173568K, used 24K [0x00000000e0000000, 0x00000000ea980000, 0x00000000f5580000)
  object space 173568K, 0% used [0x00000000e0000000,0x00000000e0006000,0x00000000ea980000)
 Metaspace       used 19915K, capacity 21286K, committed 21296K, reserved 1067008K
  class space    used 2550K, capacity 2855K, committed 2864K, reserved 1048576K
}
Event: 1.400 GC heap before
{Heap before GC invocations=3 (full 1):
 PSYoungGen      total 75776K, used 9348K [0x00000000f5580000, 0x00000000faa00000, 0x0000000100000000)
  eden space 65024K, 0% used [0x00000000f5580000,0x00000000f5580000,0x00000000f9500000)
  from space 10752K, 86% used [0x00000000f9f80000,0x00000000fa8a13f8,0x00000000faa00000)
  to   space 10752K, 0% used [0x00000000f9500000,0x00000000f9500000,0x00000000f9f80000)
 ParOldGen       total 173568K, used 24K [0x00000000e0000000, 0x00000000ea980000, 0x00000000f5580000)
  object space 173568K, 0% used [0x00000000e0000000,0x00000000e0006000,0x00000000ea980000)
 Metaspace       used 19915K, capacity 21286K, committed 21296K, reserved 1067008K
  class space    used 2550K, capacity 2855K, committed 2864K, reserved 1048576K
Event: 1.419 GC heap after
Heap after GC invocations=3 (full 1):
 PSYoungGen      total 75776K, used 0K [0x00000000f5580000, 0x00000000faa00000, 0x0000000100000000)
  eden space 65024K, 0% used [0x00000000f5580000,0x00000000f5580000,0x00000000f9500000)
  from space 10752K, 0% used [0x00000000f9f80000,0x00000000f9f80000,0x00000000faa00000)
  to   space 10752K, 0% used [0x00000000f9500000,0x00000000f9500000,0x00000000f9f80000)
 ParOldGen       total 113152K, used 8837K [0x00000000e0000000, 0x00000000e6e80000, 0x00000000f5580000)
  object space 113152K, 7% used [0x00000000e0000000,0x00000000e08a1500,0x00000000e6e80000)
 Metaspace       used 19915K, capacity 21286K, committed 21296K, reserved 1067008K
  class space    used 2550K, capacity 2855K, committed 2864K, reserved 1048576K
}
Event: 1.889 GC heap before
{Heap before GC invocations=4 (full 1):
 PSYoungGen      total 75776K, used 65024K [0x00000000f5580000, 0x00000000faa00000, 0x0000000100000000)
  eden space 65024K, 100% used [0x00000000f5580000,0x00000000f9500000,0x00000000f9500000)
  from space 10752K, 0% used [0x00000000f9f80000,0x00000000f9f80000,0x00000000faa00000)
  to   space 10752K, 0% used [0x00000000f9500000,0x00000000f9500000,0x00000000f9f80000)
 ParOldGen       total 113152K, used 8837K [0x00000000e0000000, 0x00000000e6e80000, 0x00000000f5580000)
  object space 113152K, 7% used [0x00000000e0000000,0x00000000e08a1500,0x00000000e6e80000)
 Metaspace       used 25509K, capacity 27404K, committed 27696K, reserved 1073152K
  class space    used 3404K, capacity 3772K, committed 3888K, reserved 1048576K
Event: 1.892 GC heap after
Heap after GC invocations=4 (full 1):
 PSYoungGen      total 75776K, used 6822K [0x00000000f5580000, 0x00000000fc200000, 0x0000000100000000)
  eden space 65024K, 0% used [0x00000000f5580000,0x00000000f5580000,0x00000000f9500000)
  from space 10752K, 63% used [0x00000000f9500000,0x00000000f9ba9b08,0x00000000f9f80000)
  to   space 10752K, 0% used [0x00000000fb780000,0x00000000fb780000,0x00000000fc200000)
 ParOldGen       total 113152K, used 8845K [0x00000000e0000000, 0x00000000e6e80000, 0x00000000f5580000)
  object space 113152K, 7% used [0x00000000e0000000,0x00000000e08a3500,0x00000000e6e80000)
 Metaspace       used 25509K, capacity 27404K, committed 27696K, reserved 1073152K
  class space    used 3404K, capacity 3772K, committed 3888K, reserved 1048576K
}
Event: 2.127 GC heap before
{Heap before GC invocations=5 (full 1):
 PSYoungGen      total 75776K, used 71846K [0x00000000f5580000, 0x00000000fc200000, 0x0000000100000000)
  eden space 65024K, 100% used [0x00000000f5580000,0x00000000f9500000,0x00000000f9500000)
  from space 10752K, 63% used [0x00000000f9500000,0x00000000f9ba9b08,0x00000000f9f80000)
  to   space 10752K, 0% used [0x00000000fb780000,0x00000000fb780000,0x00000000fc200000)
 ParOldGen       total 113152K, used 8845K [0x00000000e0000000, 0x00000000e6e80000, 0x00000000f5580000)
  object space 113152K, 7% used [0x00000000e0000000,0x00000000e08a3500,0x00000000e6e80000)
 Metaspace       used 26801K, capacity 28796K, committed 29104K, reserved 1075200K
  class space    used 3553K, capacity 3944K, committed 4016K, reserved 1048576K
Event: 2.129 GC heap after
Heap after GC invocations=5 (full 1):
 PSYoungGen      total 100352K, used 5200K [0x00000000f5580000, 0x00000000fc380000, 0x0000000100000000)
  eden space 89600K, 0% used [0x00000000f5580000,0x00000000f5580000,0x00000000fad00000)
  from space 10752K, 48% used [0x00000000fb780000,0x00000000fbc943c8,0x00000000fc200000)
  to   space 10752K, 0% used [0x00000000fad00000,0x00000000fad00000,0x00000000fb780000)
 ParOldGen       total 113152K, used 8853K [0x00000000e0000000, 0x00000000e6e80000, 0x00000000f5580000)
  object space 113152K, 7% used [0x00000000e0000000,0x00000000e08a5500,0x00000000e6e80000)
 Metaspace       used 26801K, capacity 28796K, committed 29104K, reserved 1075200K
  class space    used 3553K, capacity 3944K, committed 4016K, reserved 1048576K
}

Deoptimization events (10 events):
Event: 2.274 Thread 0x0000017c9abc9000 Uncommon trap: reason=unstable_if action=reinterpret pc=0x0000017c9cb26f0c method=java.util.Arrays.equals([Ljava/lang/Object;[Ljava/lang/Object;)Z @ 65
Event: 2.346 Thread 0x0000017c9abc9000 Uncommon trap: reason=unstable_if action=reinterpret pc=0x0000017c9cdf68e8 method=org.springframework.beans.factory.support.AbstractBeanFactory.isFactoryBean(Ljava/lang/String;Lorg/springframework/beans/factory/support/RootBeanDefinition;)Z @ 38
Event: 2.394 Thread 0x0000017c9abc9000 Uncommon trap: reason=unstable_if action=reinterpret pc=0x0000017c9cddc444 method=org.springframework.beans.factory.support.AbstractBeanFactory.getMergedLocalBeanDefinition(Ljava/lang/String;)Lorg/springframework/beans/factory/support/RootBeanDefinition; 
Event: 2.415 Thread 0x0000017c9abc9000 Uncommon trap: reason=class_check action=maybe_recompile pc=0x0000017c9ccc6990 method=org.springframework.util.ConcurrentReferenceHashMap$Segment.findInChain(Lorg/springframework/util/ConcurrentReferenceHashMap$Reference;Ljava/lang/Object;I)Lorg/springfra
Event: 2.418 Thread 0x0000017c9abc9000 Uncommon trap: reason=unstable_if action=reinterpret pc=0x0000017c9c998744 method=jdk.internal.org.objectweb.asm.Item.isEqualTo(Ljdk/internal/org/objectweb/asm/Item;)Z @ 331
Event: 2.432 Thread 0x0000017c9abc9000 Uncommon trap: reason=class_check action=maybe_recompile pc=0x0000017c9ccc6990 method=org.springframework.util.ConcurrentReferenceHashMap$Segment.findInChain(Lorg/springframework/util/ConcurrentReferenceHashMap$Reference;Ljava/lang/Object;I)Lorg/springfra
Event: 2.433 Thread 0x0000017c9abc9000 Uncommon trap: reason=class_check action=maybe_recompile pc=0x0000017c9ccc6990 method=org.springframework.util.ConcurrentReferenceHashMap$Segment.findInChain(Lorg/springframework/util/ConcurrentReferenceHashMap$Reference;Ljava/lang/Object;I)Lorg/springfra
Event: 2.436 Thread 0x0000017c9abc9000 Uncommon trap: reason=class_check action=maybe_recompile pc=0x0000017c9ccc6990 method=org.springframework.util.ConcurrentReferenceHashMap$Segment.findInChain(Lorg/springframework/util/ConcurrentReferenceHashMap$Reference;Ljava/lang/Object;I)Lorg/springfra
Event: 2.556 Thread 0x0000017c9abc9000 Uncommon trap: reason=unstable_if action=reinterpret pc=0x0000017c9ce4ec34 method=org.springframework.beans.factory.support.AbstractBeanFactory.isTypeMatch(Ljava/lang/String;Lorg/springframework/core/ResolvableType;Z)Z @ 99
Event: 2.665 Thread 0x0000017c9abc9000 Uncommon trap: reason=unstable_if action=reinterpret pc=0x0000017c9cea402c method=org.springframework.beans.factory.support.AbstractBeanFactory.hasInstantiationAwareBeanPostProcessors()Z @ 12

Classes redefined (0 events):
No events

Internal exceptions (10 events):
Event: 1.799 Thread 0x0000017c9abc9000 Exception <a 'java/lang/ClassNotFoundException': org/springframework/beans/factory/AwareCustomizer> (0x00000000f89f92c8) thrown at [C:\jenkins\workspace\8-2-build-windows-amd64-cygwin\jdk8u281\880\hotspot\src\share\vm\classfile\systemDictionary.cpp, line 
Event: 1.930 Thread 0x0000017c9abc9000 Exception <a 'java/lang/IncompatibleClassChangeError': Found class java.lang.Object, but interface was expected> (0x00000000f803ae60) thrown at [C:\jenkins\workspace\8-2-build-windows-amd64-cygwin\jdk8u281\880\hotspot\src\share\vm\interpreter\linkResolver
Event: 1.957 Thread 0x0000017c9abc9000 Exception <a 'java/lang/NoSuchMethodError': java.lang.Object.lambda$getAllAnnotationAttributes$0(Lorg/springframework/util/MultiValueMap;)Lorg/springframework/util/MultiValueMap;> (0x00000000f8247828) thrown at [C:\jenkins\workspace\8-2-build-windows-amd6
Event: 1.958 Thread 0x0000017c9abc9000 Exception <a 'java/lang/NoSuchMethodError': java.lang.Object.lambda$identity$2(Ljava/lang/Object;)Ljava/lang/Object;> (0x00000000f824b2a8) thrown at [C:\jenkins\workspace\8-2-build-windows-amd64-cygwin\jdk8u281\880\hotspot\src\share\vm\interpreter\linkRes
Event: 2.381 Thread 0x0000017c9abc9000 Exception <a 'java/lang/NoSuchMethodError': java.lang.Object.lambda$getRequiredAttribute$0(Ljava/lang/String;)Ljava/lang/IllegalArgumentException;> (0x00000000f70a4b90) thrown at [C:\jenkins\workspace\8-2-build-windows-amd64-cygwin\jdk8u281\880\hotspot\sr
Event: 2.663 Thread 0x0000017c9abc9000 Exception <a 'java/lang/NoClassDefFoundError': org/flywaydb/core/Flyway> (0x00000000f8907aa0) thrown at [C:\jenkins\workspace\8-2-build-windows-amd64-cygwin\jdk8u281\880\hotspot\src\share\vm\classfile\systemDictionary.cpp, line 201]
Event: 2.664 Thread 0x0000017c9abc9000 Exception <a 'java/lang/NoClassDefFoundError': liquibase/integration/spring/SpringLiquibase> (0x00000000f8913438) thrown at [C:\jenkins\workspace\8-2-build-windows-amd64-cygwin\jdk8u281\880\hotspot\src\share\vm\classfile\systemDictionary.cpp, line 201]
Event: 2.673 Thread 0x0000017c9abc9000 Exception <a 'java/lang/NoClassDefFoundError': org/springframework/batch/core/repository/JobRepository> (0x00000000f89e1b80) thrown at [C:\jenkins\workspace\8-2-build-windows-amd64-cygwin\jdk8u281\880\hotspot\src\share\vm\classfile\systemDictionary.cpp, l
Event: 2.674 Thread 0x0000017c9abc9000 Exception <a 'java/lang/NoClassDefFoundError': org/quartz/Scheduler> (0x00000000f89e9ea0) thrown at [C:\jenkins\workspace\8-2-build-windows-amd64-cygwin\jdk8u281\880\hotspot\src\share\vm\classfile\systemDictionary.cpp, line 201]
Event: 2.674 Thread 0x0000017c9abc9000 Exception <a 'java/lang/NoClassDefFoundError': org/springframework/session/jdbc/JdbcIndexedSessionRepository> (0x00000000f89f7f50) thrown at [C:\jenkins\workspace\8-2-build-windows-amd64-cygwin\jdk8u281\880\hotspot\src\share\vm\classfile\systemDictionary.

Events (10 events):
Event: 2.674 Thread 0x0000017c9abc9000 DEOPT PACKING pc=0x0000017c9c6a805c sp=0x0000000e924fb200
Event: 2.674 Thread 0x0000017c9abc9000 DEOPT UNPACKING pc=0x0000017c9c577898 sp=0x0000000e924faf40 mode 1
Event: 2.674 loading class org/springframework/boot/sql/init/dependency/DependsOnDatabaseInitialization
Event: 2.674 loading class org/springframework/boot/sql/init/dependency/DependsOnDatabaseInitialization done
Event: 2.674 Thread 0x0000017c9abc9000 DEOPT PACKING pc=0x0000017c9cabeb60 sp=0x0000000e924fb010
Event: 2.674 Thread 0x0000017c9abc9000 DEOPT UNPACKING pc=0x0000017c9c577898 sp=0x0000000e924fad50 mode 1
Event: 2.674 Thread 0x0000017c9abc9000 DEOPT PACKING pc=0x0000017c9cabea50 sp=0x0000000e924fb0c0
Event: 2.674 Thread 0x0000017c9abc9000 DEOPT UNPACKING pc=0x0000017c9c577898 sp=0x0000000e924fae00 mode 1
Event: 2.674 loading class org/springframework/core/annotation/MergedAnnotation
Event: 2.674 loading class org/springframework/core/annotation/MergedAnnotation done


Dynamic libraries:
0x00007ff68dbb0000 - 0x00007ff68dbf7000 	C:\Program Files\Java\jdk1.8.0_281\bin\java.exe
0x00007ffd867d0000 - 0x00007ffd869c5000 	C:\Windows\SYSTEM32\ntdll.dll
0x00007ffd85190000 - 0x00007ffd8524d000 	C:\Windows\System32\KERNEL32.DLL
0x00007ffd83ee0000 - 0x00007ffd841ad000 	C:\Windows\System32\KERNELBASE.dll
0x00007ffd85d10000 - 0x00007ffd85dbe000 	C:\Windows\System32\ADVAPI32.dll
0x00007ffd85250000 - 0x00007ffd852ee000 	C:\Windows\System32\msvcrt.dll
0x00007ffd84880000 - 0x00007ffd8491c000 	C:\Windows\System32\sechost.dll
0x00007ffd85dc0000 - 0x00007ffd85ee5000 	C:\Windows\System32\RPCRT4.dll
0x00007ffd84d70000 - 0x00007ffd84f10000 	C:\Windows\System32\USER32.dll
0x00007ffd842e0000 - 0x00007ffd84302000 	C:\Windows\System32\win32u.dll
0x00007ffd85ef0000 - 0x00007ffd85f1a000 	C:\Windows\System32\GDI32.dll
0x00007ffd84310000 - 0x00007ffd8441b000 	C:\Windows\System32\gdi32full.dll
0x00007ffd846f0000 - 0x00007ffd8478d000 	C:\Windows\System32\msvcp_win.dll
0x00007ffd841b0000 - 0x00007ffd842b0000 	C:\Windows\System32\ucrtbase.dll
0x00007ffd832f0000 - 0x00007ffd8358a000 	C:\Windows\WinSxS\amd64_microsoft.windows.common-controls_6595b64144ccf1df_6.0.19041.1110_none_60b5254171f9507e\COMCTL32.dll
0x00007ffd852f0000 - 0x00007ffd85320000 	C:\Windows\System32\IMM32.DLL
0x00007ffd7da90000 - 0x00007ffd7daa5000 	C:\Program Files\Java\jdk1.8.0_281\jre\bin\vcruntime140.dll
0x00007ffd633f0000 - 0x00007ffd6348b000 	C:\Program Files\Java\jdk1.8.0_281\jre\bin\msvcp140.dll
0x0000000051f50000 - 0x00000000527af000 	C:\Program Files\Java\jdk1.8.0_281\jre\bin\server\jvm.dll
0x00007ffd85f20000 - 0x00007ffd85f28000 	C:\Windows\System32\PSAPI.DLL
0x00007ffd6e0b0000 - 0x00007ffd6e0d7000 	C:\Windows\SYSTEM32\WINMM.dll
0x00007ffd80a90000 - 0x00007ffd80a9a000 	C:\Windows\SYSTEM32\VERSION.dll
0x00007ffd704c0000 - 0x00007ffd704c9000 	C:\Windows\SYSTEM32\WSOCK32.dll
0x00007ffd85b90000 - 0x00007ffd85bfb000 	C:\Windows\System32\WS2_32.dll
0x00007ffd82120000 - 0x00007ffd82132000 	C:\Windows\SYSTEM32\kernel.appcore.dll
0x00007ffd7fe20000 - 0x00007ffd7fe30000 	C:\Program Files\Java\jdk1.8.0_281\jre\bin\verify.dll
0x00007ffd633c0000 - 0x00007ffd633eb000 	C:\Program Files\Java\jdk1.8.0_281\jre\bin\java.dll
0x00007ffd60720000 - 0x00007ffd60756000 	C:\Program Files\Java\jdk1.8.0_281\jre\bin\jdwp.dll
0x00007ffd67ce0000 - 0x00007ffd67ce9000 	C:\Program Files\Java\jdk1.8.0_281\jre\bin\npt.dll
0x00007ffd633a0000 - 0x00007ffd633b8000 	C:\Program Files\Java\jdk1.8.0_281\jre\bin\zip.dll
0x00007ffd85380000 - 0x00007ffd85ac4000 	C:\Windows\System32\SHELL32.dll
0x00007ffd81970000 - 0x00007ffd82104000 	C:\Windows\SYSTEM32\windows.storage.dll
0x00007ffd84980000 - 0x00007ffd84cd4000 	C:\Windows\System32\combase.dll
0x00007ffd83250000 - 0x00007ffd8327c000 	C:\Windows\SYSTEM32\Wldp.dll
0x00007ffd85ad0000 - 0x00007ffd85b7d000 	C:\Windows\System32\SHCORE.dll
0x00007ffd84cf0000 - 0x00007ffd84d45000 	C:\Windows\System32\shlwapi.dll
0x00007ffd83e20000 - 0x00007ffd83e3f000 	C:\Windows\SYSTEM32\profapi.dll
0x00007ffd66120000 - 0x00007ffd6612a000 	C:\Program Files\Java\jdk1.8.0_281\jre\bin\dt_socket.dll
0x00007ffd83160000 - 0x00007ffd831ca000 	C:\Windows\system32\mswsock.dll
0x00007ffd63360000 - 0x00007ffd6337c000 	C:\Program Files\Java\jdk1.8.0_281\jre\bin\net.dll
0x00007ffd63340000 - 0x00007ffd63353000 	C:\Program Files\Java\jdk1.8.0_281\jre\bin\nio.dll
0x00007ffd83c70000 - 0x00007ffd83c88000 	C:\Windows\SYSTEM32\CRYPTSP.dll
0x00007ffd82950000 - 0x00007ffd82984000 	C:\Windows\system32\rsaenh.dll
0x00007ffd842b0000 - 0x00007ffd842d7000 	C:\Windows\System32\bcrypt.dll
0x00007ffd83de0000 - 0x00007ffd83e0e000 	C:\Windows\SYSTEM32\USERENV.dll
0x00007ffd84790000 - 0x00007ffd84812000 	C:\Windows\System32\bcryptprimitives.dll
0x00007ffd83090000 - 0x00007ffd8309c000 	C:\Windows\SYSTEM32\CRYPTBASE.dll
0x00007ffd82ca0000 - 0x00007ffd82cdb000 	C:\Windows\SYSTEM32\IPHLPAPI.DLL
0x00007ffd84ce0000 - 0x00007ffd84ce8000 	C:\Windows\System32\NSI.dll
0x00007ffd7ac10000 - 0x00007ffd7ac27000 	C:\Windows\SYSTEM32\dhcpcsvc6.DLL
0x00007ffd7ad50000 - 0x00007ffd7ad6d000 	C:\Windows\SYSTEM32\dhcpcsvc.DLL
0x00007ffd82ce0000 - 0x00007ffd82dab000 	C:\Windows\SYSTEM32\DNSAPI.dll
0x00007ffd7d620000 - 0x00007ffd7d62d000 	C:\Program Files\Java\jdk1.8.0_281\jre\bin\management.dll
0x00007ffd6ab60000 - 0x00007ffd6ab77000 	C:\Windows\system32\napinsp.dll
0x00007ffd6a500000 - 0x00007ffd6a51b000 	C:\Windows\system32\pnrpnsp.dll
0x00007ffd7e290000 - 0x00007ffd7e2a5000 	C:\Windows\system32\wshbth.dll
0x00007ffd7fa10000 - 0x00007ffd7fa2d000 	C:\Windows\system32\NLAapi.dll
0x00007ffd6a380000 - 0x00007ffd6a392000 	C:\Windows\System32\winrnr.dll
0x00007ffd7c0a0000 - 0x00007ffd7c0aa000 	C:\Windows\System32\rasadhlp.dll
0x00007ffd71050000 - 0x00007ffd710d0000 	C:\Windows\System32\fwpuclnt.dll
0x00007ffd83890000 - 0x00007ffd83a74000 	C:\Windows\SYSTEM32\dbghelp.dll

VM Arguments:
jvm_args: -Djava.security.manager=worker.org.gradle.process.internal.worker.child.BootstrapSecurityManager -Dorg.gradle.internal.worker.tmpdir=C:\Users\Jun_Kim\IdeaProjects\homework_delivery_app\build\tmp\test\work -Dorg.gradle.native=false -agentlib:jdwp=transport=dt_socket,server=n,suspend=y,address=127.0.0.1:10484 -Xmx512m -Dfile.encoding=UTF-8 -Duser.country=KR -Duser.language=ko -Duser.variant -ea 
java_command: worker.org.gradle.process.internal.worker.GradleWorkerMain 'Gradle Test Executor 9'
java_class_path (initial): C:\Users\Jun_Kim\.gradle\caches\7.4.1\workerMain\gradle-worker.jar
Launcher Type: SUN_STANDARD

Environment Variables:
JAVA_HOME=C:\Program Files\Zulu\zulu-8
CLASSPATH=C:\Program Files\Zulu\zulu-8\lib
PATH=C:\Program Files\Zulu\zulu-8\bin\;C:\Users\Jun_Kim\Downloads\WINDOWS.X64_193000_db_home\bin;C:\WINDOWS.X64_193000_db_home\bin;C:\Program Files (x86)\Common Files\Oracle\Java\javapath;C:\Windows\system32;C:\Windows;C:\Windows\System32\Wbem;C:\Windows\System32\WindowsPowerShell\v1.0\;C:\Windows\System32\OpenSSH\;C:\Program Files\Zulu\zulu-8\bin;C:\Program Files\Git\cmd;C:\Users\Jun_Kim\AppData\Roaming\nvm;C:\Program Files\nodejs;C:\Program Files\PuTTY\;C:\Program Files\dotnet\;C:\Users\Jun_Kim\AppData\Local\Programs\Python\Python38\Scripts\;C:\Users\Jun_Kim\AppData\Local\Programs\Python\Python38\;C:\Users\Jun_Kim\AppData\Local\Microsoft\WindowsApps;C:\Program Files\Bandizip\;C:\Users\Jun_Kim\AppData\Roaming\nvm;C:\Program Files\nodejs;C:\Users\Jun_Kim\AppData\Local\GitHubDesktop\bin;C:\Program Files\JetBrains\IntelliJ IDEA Community Edition 2022.1\bin;;C:\Program Files\JetBrains\IntelliJ IDEA 2022.1.1\bin;;C:\Program Files\Zulu\zulu-8\bin;
USERNAME=Jun_Kim
OS=Windows_NT
PROCESSOR_IDENTIFIER=Intel64 Family 6 Model 158 Stepping 10, GenuineIntel



---------------  S Y S T E M  ---------------

OS: Windows 10.0 , 64 bit Build 19041 (10.0.19041.1706)

CPU:total 8 (initial active 8) (4 cores per cpu, 2 threads per core) family 6 model 158 stepping 10, cmov, cx8, fxsr, mmx, sse, sse2, sse3, ssse3, sse4.1, sse4.2, popcnt, avx, avx2, aes, clmul, erms, 3dnowpref, lzcnt, ht, tsc, tscinvbit, bmi1, bmi2, adx

Memory: 4k page, physical 16629828k(5924028k free), swap 24494148k(8448912k free)

vm_info: Java HotSpot(TM) 64-Bit Server VM (25.281-b09) for windows-amd64 JRE (1.8.0_281-b09), built on Dec  9 2020 13:54:07 by "" with MS VC++ 15.9 (VS2017)

time: Tue Jun  7 13:15:28 2022
timezone: 대한민국 표준시
elapsed time: 2.693184 seconds (0d 0h 0m 2s)

