#
# A fatal error has been detected by the Java Runtime Environment:
#
#  EXCEPTION_ACCESS_VIOLATION (0xc0000005) at pc=0x0000000052062c44, pid=17464, tid=0x0000000000004abc
#
# JRE version: Java(TM) SE Runtime Environment (8.0_281-b09) (build 1.8.0_281-b09)
# Java VM: Java HotSpot(TM) 64-Bit Server VM (25.281-b09 mixed mode windows-amd64 compressed oops)
# Problematic frame:
# V  [jvm.dll+0x112c44]
#
# Failed to write core dump. Minidumps are not enabled by default on client versions of Windows
#
# If you would like to submit a bug report, please visit:
#   http://bugreport.java.com/bugreport/crash.jsp
#

---------------  T H R E A D  ---------------

Current thread (0x0000020f8d7df800):  GCTaskThread [stack: 0x000000dc80800000,0x000000dc80900000] [id=19132]

siginfo: ExceptionCode=0xc0000005, reading address 0xffffffffffffffff

Registers:
RAX=0x0000020f9e5b0000, RBX=0x00000000c04fd8d8, RCX=0x0000000000000000, RDX=0x000000000000001b
RSP=0x000000dc808ff870, RBP=0x0000020f8d7e5b30, RSI=0x0000000000000000, RDI=0x00000000e056de38
R8 =0x007ffffffff027ec, R9 =0x0000000100030160, R10=0x000000000000040a, R11=0x00000000e056ddf0
R12=0x0000000000000000, R13=0x0000000100030390, R14=0x0000000100030388, R15=0x0000000000000005
RIP=0x0000000052062c44, EFLAGS=0x0000000000010206

Top of Stack: (sp=0x000000dc808ff870)
0x000000dc808ff870:   0000020fa0d6c090 000000dc808ff850
0x000000dc808ff880:   000000dc808ff940 000000005206cb1e
0x000000dc808ff890:   0000020f8d7dfe90 0000000000000000
0x000000dc808ff8a0:   0000020f8d7d8db0 0000020f8d7e5b30
0x000000dc808ff8b0:   000000dc808ff940 00000000523192aa
0x000000dc808ff8c0:   00000000000003d8 0000020f8d7e0268
0x000000dc808ff8d0:   00000000e056de28 0000000000000409
0x000000dc808ff8e0:   0000000000000000 00000000fe7e7128
0x000000dc808ff8f0:   0000000000000048 0000000000000c00
0x000000dc808ff900:   0000000000000000 0000000000000000
0x000000dc808ff910:   0000000000000000 0000020fa2989800
0x000000dc808ff920:   0000000000000001 000000005215d801
0x000000dc808ff930:   00003f134c61cac7 00000000000003d8
0x000000dc808ff940:   0000020f8d7e0268 0000020f8d7dfe90
0x000000dc808ff950:   0000020f8d7dfe90 0000020f8d7d8db0
0x000000dc808ff960:   0000020f8d7dfe80 0000020f8d7e5b30 

Instructions: (pc=0x0000000052062c44)
0x0000000052062c24:   05 c7 43 6d 00 49 c1 e8 03 49 d3 e8 41 0f b6 c0
0x0000000052062c34:   49 c1 e8 06 24 3f 0f b6 d0 48 8b 05 dc 43 6d 00
0x0000000052062c44:   4a 8b 0c c0 48 0f a3 d1 72 27 48 8b cb e8 5a f7
0x0000000052062c54:   ff ff 84 c0 74 1b 48 8b d3 48 8b cd e8 0b 81 00 


Register to memory mapping:

RAX=0x0000020f9e5b0000 is an unknown value
RBX=0x00000000c04fd8d8 is an unknown value
RCX=0x0000000000000000 is an unknown value
RDX=0x000000000000001b is an unknown value
RSP=0x000000dc808ff870 is an unknown value
RBP=0x0000020f8d7e5b30 is an unknown value
RSI=0x0000000000000000 is an unknown value
RDI=0x00000000e056de38 is pointing into object: 0x00000000e056de28
java.util.LinkedHashMap$Entry 
 - klass: 'java/util/LinkedHashMap$Entry'
R8 =0x007ffffffff027ec is an unknown value
R9 =0x0000000100030160 is pointing into metadata
R10=0x000000000000040a is an unknown value
R11=0x00000000e056ddf0 is an oop
java.util.LinkedHashMap 
 - klass: 'java/util/LinkedHashMap'
R12=0x0000000000000000 is an unknown value
R13=0x0000000100030390 is pointing into metadata
R14=0x0000000100030388 is pointing into metadata
R15=0x0000000000000005 is an unknown value


Stack: [0x000000dc80800000,0x000000dc80900000],  sp=0x000000dc808ff870,  free space=1022k
Native frames: (J=compiled Java code, j=interpreted, Vv=VM code, C=native code)
V  [jvm.dll+0x112c44]
V  [jvm.dll+0x3c92aa]
V  [jvm.dll+0x3c6f7f]
V  [jvm.dll+0x3c4919]
V  [jvm.dll+0x291cbc]
C  [ucrtbase.dll+0x21bb2]
C  [KERNEL32.DLL+0x17034]
C  [ntdll.dll+0x52651]


---------------  P R O C E S S  ---------------

Java Threads: ( => current thread )
  0x0000020fa298b800 JavaThread "container-0" [_thread_blocked, id=8320, stack(0x000000dc82500000,0x000000dc82600000)]
  0x0000020fa298c800 JavaThread "Catalina-utility-2" [_thread_blocked, id=15920, stack(0x000000dc82400000,0x000000dc82500000)]
  0x0000020fa2989800 JavaThread "Catalina-utility-1" [_thread_blocked, id=14112, stack(0x000000dc82300000,0x000000dc82400000)]
  0x0000020fa2988800 JavaThread "HikariPool-1 connection adder" daemon [_thread_blocked, id=20800, stack(0x000000dc82200000,0x000000dc82300000)]
  0x0000020fa2988000 JavaThread "HikariPool-1 housekeeper" daemon [_thread_blocked, id=19040, stack(0x000000dc82100000,0x000000dc82200000)]
  0x0000020fa6fd4800 JavaThread "mysql-cj-abandoned-connection-cleanup" daemon [_thread_blocked, id=14536, stack(0x000000dc82000000,0x000000dc82100000)]
  0x0000020fa2f1e800 JavaThread "/127.0.0.1:10450 to /127.0.0.1:10448 workers Thread 3" [_thread_in_native, id=20008, stack(0x000000dc81f00000,0x000000dc82000000)]
  0x0000020fa2f1d000 JavaThread "/127.0.0.1:10450 to /127.0.0.1:10448 workers Thread 2" [_thread_blocked, id=19980, stack(0x000000dc81e00000,0x000000dc81f00000)]
  0x0000020fa2911800 JavaThread "/127.0.0.1:10450 to /127.0.0.1:10448 workers" [_thread_blocked, id=17344, stack(0x000000dc81d00000,0x000000dc81e00000)]
  0x0000020fa1fe7000 JavaThread "Service Thread" daemon [_thread_blocked, id=10724, stack(0x000000dc81a00000,0x000000dc81b00000)]
  0x0000020fa1f46800 JavaThread "C1 CompilerThread3" daemon [_thread_blocked, id=18444, stack(0x000000dc81900000,0x000000dc81a00000)]
  0x0000020fa1f3a800 JavaThread "C2 CompilerThread2" daemon [_thread_in_native, id=13748, stack(0x000000dc81800000,0x000000dc81900000)]
  0x0000020fa1f3a000 JavaThread "C2 CompilerThread1" daemon [_thread_blocked, id=8160, stack(0x000000dc81700000,0x000000dc81800000)]
  0x0000020fa1f39000 JavaThread "C2 CompilerThread0" daemon [_thread_blocked, id=7552, stack(0x000000dc81600000,0x000000dc81700000)]
  0x0000020fa1f23800 JavaThread "JDWP Command Reader" daemon [_thread_in_native, id=17584, stack(0x000000dc81500000,0x000000dc81600000)]
  0x0000020fa1f20800 JavaThread "JDWP Event Helper Thread" daemon [_thread_blocked, id=18896, stack(0x000000dc81400000,0x000000dc81500000)]
  0x0000020fa1f1c000 JavaThread "JDWP Transport Listener: dt_socket" daemon [_thread_blocked, id=21476, stack(0x000000dc81300000,0x000000dc81400000)]
  0x0000020fa0c48000 JavaThread "Attach Listener" daemon [_thread_blocked, id=17444, stack(0x000000dc81200000,0x000000dc81300000)]
  0x0000020fa1f08800 JavaThread "Signal Dispatcher" daemon [_thread_blocked, id=2544, stack(0x000000dc81100000,0x000000dc81200000)]
  0x0000020fa0ba9000 JavaThread "Finalizer" daemon [_thread_blocked, id=10140, stack(0x000000dc81000000,0x000000dc81100000)]
  0x0000020fa0b9a000 JavaThread "Reference Handler" daemon [_thread_blocked, id=20720, stack(0x000000dc80f00000,0x000000dc81000000)]
  0x0000020f8d7c7000 JavaThread "Test worker" [_thread_blocked, id=20452, stack(0x000000dc80500000,0x000000dc80600000)]

Other Threads:
  0x0000020fa0b75000 VMThread [stack: 0x000000dc80e00000,0x000000dc80f00000] [id=16244]
  0x0000020fa1f30000 WatcherThread [stack: 0x000000dc81b00000,0x000000dc81c00000] [id=14756]

=>0x0000020f8d7df800 (exited) GCTaskThread [stack: 0x000000dc80800000,0x000000dc80900000] [id=19132]

VM state:at safepoint (normal execution)

VM Mutex/Monitor currently owned by a thread:  ([mutex/lock_event])
[0x0000020f8d7c1200] Threads_lock - owner thread: 0x0000020fa0b75000
[0x0000020f8d7c3090] Heap_lock - owner thread: 0x0000020f8d7c7000

heap address: 0x00000000e0000000, size: 512 MB, Compressed Oops mode: 32-bit
Narrow klass base: 0x0000000000000000, Narrow klass shift: 3
Compressed class space size: 1073741824 Address: 0x0000000100000000

Heap:
 PSYoungGen      total 158720K, used 8961K [0x00000000f5580000, 0x0000000100000000, 0x0000000100000000)
  eden space 142848K, 0% used [0x00000000f5580000,0x00000000f5580000,0x00000000fe100000)
  from space 15872K, 56% used [0x00000000fe100000,0x00000000fe9c0790,0x00000000ff080000)
  to   space 15360K, 0% used [0x00000000ff100000,0x00000000ff100000,0x0000000100000000)
 ParOldGen       total 156160K, used 15578K [0x00000000e0000000, 0x00000000e9880000, 0x00000000f5580000)
  object space 156160K, 9% used [0x00000000e0000000,0x00000000e0f36858,0x00000000e9880000)
 Metaspace       used 55607K, capacity 59068K, committed 59160K, reserved 1099776K
  class space    used 7721K, capacity 8337K, committed 8360K, reserved 1048576K

Card table byte_map: [0x0000020f9e3f0000,0x0000020f9e500000] byte_map_base: 0x0000020f9dcf0000

Marking Bits: (ParMarkBitMap*) 0x0000000052736ff0
 Begin Bits: [0x0000020f9e5b0000, 0x0000020f9edb0000)
 End Bits:   [0x0000020f9edb0000, 0x0000020f9f5b0000)

Polling page: 0x0000020f8d740000

CodeCache: size=245760Kb used=13091Kb max_used=13637Kb free=232668Kb
 bounds [0x0000020f8f030000, 0x0000020f8fe30000, 0x0000020f9e030000]
 total_blobs=4087 nmethods=3558 adapters=448
 compilation: enabled

Compilation events (10 events):
Event: 5.596 Thread 0x0000020fa1f46800 4099       1       org.h2.engine.SessionLocal::getDatabase (5 bytes)
Event: 5.596 Thread 0x0000020fa1f46800 nmethod 4099 0x0000020f8f1c7590 code [0x0000020f8f1c76e0, 0x0000020f8f1c77f8]
Event: 5.596 Thread 0x0000020fa1f46800 4100       3       java.util.concurrent.atomic.AtomicLong::compareAndSet (13 bytes)
Event: 5.596 Thread 0x0000020fa1f46800 nmethod 4100 0x0000020f8f1c7250 code [0x0000020f8f1c73a0, 0x0000020f8f1c7518]
Event: 5.596 Thread 0x0000020fa1f46800 4101       1       java.lang.ref.Reference::clear (6 bytes)
Event: 5.596 Thread 0x0000020fa1f46800 nmethod 4101 0x0000020f8f1c6f50 code [0x0000020f8f1c70a0, 0x0000020f8f1c71d8]
Event: 5.599 Thread 0x0000020fa1f46800 4102       3       java.util.concurrent.atomic.AtomicInteger::getAndAdd (12 bytes)
Event: 5.599 Thread 0x0000020fa1f46800 nmethod 4102 0x0000020f8f1c6c10 code [0x0000020f8f1c6d60, 0x0000020f8f1c6eb8]
Event: 5.601 Thread 0x0000020fa1f46800 4103       3       org.h2.command.Tokenizer::eq (49 bytes)
Event: 5.601 Thread 0x0000020fa1f46800 nmethod 4103 0x0000020f8fab2310 code [0x0000020f8fab24e0, 0x0000020f8fab2c80]

GC Heap History (10 events):
Event: 3.133 GC heap after
Heap after GC invocations=7 (full 1):
 PSYoungGen      total 138752K, used 6766K [0x00000000f5580000, 0x0000000100000000, 0x0000000100000000)
  eden space 125952K, 0% used [0x00000000f5580000,0x00000000f5580000,0x00000000fd080000)
  from space 12800K, 52% used [0x00000000fdc80000,0x00000000fe31b9c0,0x00000000fe900000)
  to   space 12288K, 0% used [0x00000000fd080000,0x00000000fd080000,0x00000000fdc80000)
 ParOldGen       total 114176K, used 9175K [0x00000000e0000000, 0x00000000e6f80000, 0x00000000f5580000)
  object space 114176K, 8% used [0x00000000e0000000,0x00000000e08f5d40,0x00000000e6f80000)
 Metaspace       used 32458K, capacity 35384K, committed 35496K, reserved 1079296K
  class space    used 4388K, capacity 4922K, committed 5032K, reserved 1048576K
}
Event: 3.133 GC heap before
{Heap before GC invocations=8 (full 2):
 PSYoungGen      total 138752K, used 6766K [0x00000000f5580000, 0x0000000100000000, 0x0000000100000000)
  eden space 125952K, 0% used [0x00000000f5580000,0x00000000f5580000,0x00000000fd080000)
  from space 12800K, 52% used [0x00000000fdc80000,0x00000000fe31b9c0,0x00000000fe900000)
  to   space 12288K, 0% used [0x00000000fd080000,0x00000000fd080000,0x00000000fdc80000)
 ParOldGen       total 114176K, used 9175K [0x00000000e0000000, 0x00000000e6f80000, 0x00000000f5580000)
  object space 114176K, 8% used [0x00000000e0000000,0x00000000e08f5d40,0x00000000e6f80000)
 Metaspace       used 32458K, capacity 35384K, committed 35496K, reserved 1079296K
  class space    used 4388K, capacity 4922K, committed 5032K, reserved 1048576K
Event: 3.164 GC heap after
Heap after GC invocations=8 (full 2):
 PSYoungGen      total 138752K, used 0K [0x00000000f5580000, 0x0000000100000000, 0x0000000100000000)
  eden space 125952K, 0% used [0x00000000f5580000,0x00000000f5580000,0x00000000fd080000)
  from space 12800K, 0% used [0x00000000fdc80000,0x00000000fdc80000,0x00000000fe900000)
  to   space 12288K, 0% used [0x00000000fd080000,0x00000000fd080000,0x00000000fdc80000)
 ParOldGen       total 156160K, used 11375K [0x00000000e0000000, 0x00000000e9880000, 0x00000000f5580000)
  object space 156160K, 7% used [0x00000000e0000000,0x00000000e0b1bff0,0x00000000e9880000)
 Metaspace       used 32458K, capacity 35384K, committed 35496K, reserved 1079296K
  class space    used 4388K, capacity 4922K, committed 5032K, reserved 1048576K
}
Event: 4.005 GC heap before
{Heap before GC invocations=9 (full 2):
 PSYoungGen      total 138752K, used 125952K [0x00000000f5580000, 0x0000000100000000, 0x0000000100000000)
  eden space 125952K, 100% used [0x00000000f5580000,0x00000000fd080000,0x00000000fd080000)
  from space 12800K, 0% used [0x00000000fdc80000,0x00000000fdc80000,0x00000000fe900000)
  to   space 12288K, 0% used [0x00000000fd080000,0x00000000fd080000,0x00000000fdc80000)
 ParOldGen       total 156160K, used 11375K [0x00000000e0000000, 0x00000000e9880000, 0x00000000f5580000)
  object space 156160K, 7% used [0x00000000e0000000,0x00000000e0b1bff0,0x00000000e9880000)
 Metaspace       used 40796K, capacity 43984K, committed 44200K, reserved 1087488K
  class space    used 5348K, capacity 5948K, committed 6056K, reserved 1048576K
Event: 4.012 GC heap after
Heap after GC invocations=9 (full 2):
 PSYoungGen      total 138240K, used 9778K [0x00000000f5580000, 0x0000000100000000, 0x0000000100000000)
  eden space 125952K, 0% used [0x00000000f5580000,0x00000000f5580000,0x00000000fd080000)
  from space 12288K, 79% used [0x00000000fd080000,0x00000000fda0c9c0,0x00000000fdc80000)
  to   space 12800K, 0% used [0x00000000ff380000,0x00000000ff380000,0x0000000100000000)
 ParOldGen       total 156160K, used 11383K [0x00000000e0000000, 0x00000000e9880000, 0x00000000f5580000)
  object space 156160K, 7% used [0x00000000e0000000,0x00000000e0b1dff0,0x00000000e9880000)
 Metaspace       used 40796K, capacity 43984K, committed 44200K, reserved 1087488K
  class space    used 5348K, capacity 5948K, committed 6056K, reserved 1048576K
}
Event: 5.336 GC heap before
{Heap before GC invocations=10 (full 2):
 PSYoungGen      total 138240K, used 135730K [0x00000000f5580000, 0x0000000100000000, 0x0000000100000000)
  eden space 125952K, 100% used [0x00000000f5580000,0x00000000fd080000,0x00000000fd080000)
  from space 12288K, 79% used [0x00000000fd080000,0x00000000fda0c9c0,0x00000000fdc80000)
  to   space 12800K, 0% used [0x00000000ff380000,0x00000000ff380000,0x0000000100000000)
 ParOldGen       total 156160K, used 11383K [0x00000000e0000000, 0x00000000e9880000, 0x00000000f5580000)
  object space 156160K, 7% used [0x00000000e0000000,0x00000000e0b1dff0,0x00000000e9880000)
 Metaspace       used 53475K, capacity 56918K, committed 57256K, reserved 1097728K
  class space    used 7394K, capacity 8022K, committed 8104K, reserved 1048576K
Event: 5.348 GC heap after
Heap after GC invocations=10 (full 2):
 PSYoungGen      total 155648K, used 12771K [0x00000000f5580000, 0x0000000100000000, 0x0000000100000000)
  eden space 142848K, 0% used [0x00000000f5580000,0x00000000f5580000,0x00000000fe100000)
  from space 12800K, 99% used [0x00000000ff380000,0x00000000ffff8e58,0x0000000100000000)
  to   space 15872K, 0% used [0x00000000fe100000,0x00000000fe100000,0x00000000ff080000)
 ParOldGen       total 156160K, used 15570K [0x00000000e0000000, 0x00000000e9880000, 0x00000000f5580000)
  object space 156160K, 9% used [0x00000000e0000000,0x00000000e0f34858,0x00000000e9880000)
 Metaspace       used 53475K, capacity 56918K, committed 57256K, reserved 1097728K
  class space    used 7394K, capacity 8022K, committed 8104K, reserved 1048576K
}
Event: 5.602 GC heap before
{Heap before GC invocations=11 (full 2):
 PSYoungGen      total 155648K, used 37791K [0x00000000f5580000, 0x0000000100000000, 0x0000000100000000)
  eden space 142848K, 17% used [0x00000000f5580000,0x00000000f6deee00,0x00000000fe100000)
  from space 12800K, 99% used [0x00000000ff380000,0x00000000ffff8e58,0x0000000100000000)
  to   space 15872K, 0% used [0x00000000fe100000,0x00000000fe100000,0x00000000ff080000)
 ParOldGen       total 156160K, used 15570K [0x00000000e0000000, 0x00000000e9880000, 0x00000000f5580000)
  object space 156160K, 9% used [0x00000000e0000000,0x00000000e0f34858,0x00000000e9880000)
 Metaspace       used 55607K, capacity 59068K, committed 59160K, reserved 1099776K
  class space    used 7721K, capacity 8337K, committed 8360K, reserved 1048576K
Event: 5.608 GC heap after
Heap after GC invocations=11 (full 2):
 PSYoungGen      total 158720K, used 8961K [0x00000000f5580000, 0x0000000100000000, 0x0000000100000000)
  eden space 142848K, 0% used [0x00000000f5580000,0x00000000f5580000,0x00000000fe100000)
  from space 15872K, 56% used [0x00000000fe100000,0x00000000fe9c0790,0x00000000ff080000)
  to   space 15360K, 0% used [0x00000000ff100000,0x00000000ff100000,0x0000000100000000)
 ParOldGen       total 156160K, used 15578K [0x00000000e0000000, 0x00000000e9880000, 0x00000000f5580000)
  object space 156160K, 9% used [0x00000000e0000000,0x00000000e0f36858,0x00000000e9880000)
 Metaspace       used 55607K, capacity 59068K, committed 59160K, reserved 1099776K
  class space    used 7721K, capacity 8337K, committed 8360K, reserved 1048576K
}
Event: 5.608 GC heap before
{Heap before GC invocations=12 (full 3):
 PSYoungGen      total 158720K, used 8961K [0x00000000f5580000, 0x0000000100000000, 0x0000000100000000)
  eden space 142848K, 0% used [0x00000000f5580000,0x00000000f5580000,0x00000000fe100000)
  from space 15872K, 56% used [0x00000000fe100000,0x00000000fe9c0790,0x00000000ff080000)
  to   space 15360K, 0% used [0x00000000ff100000,0x00000000ff100000,0x0000000100000000)
 ParOldGen       total 156160K, used 15578K [0x00000000e0000000, 0x00000000e9880000, 0x00000000f5580000)
  object space 156160K, 9% used [0x00000000e0000000,0x00000000e0f36858,0x00000000e9880000)
 Metaspace       used 55607K, capacity 59068K, committed 59160K, reserved 1099776K
  class space    used 7721K, capacity 8337K, committed 8360K, reserved 1048576K

Deoptimization events (10 events):
Event: 4.120 Thread 0x0000020f8d7c7000 Uncommon trap: reason=null_check action=make_not_entrant pc=0x0000020f8f9a5a18 method=org.springframework.beans.factory.support.DefaultListableBeanFactory.getBeanDefinition(Ljava/lang/String;)Lorg/springframework/beans/factory/config/BeanDefinition; @ 10
Event: 4.155 Thread 0x0000020f8d7c7000 Uncommon trap: reason=unstable_if action=reinterpret pc=0x0000020f8f36c798 method=java.util.zip.ZipCoder.getBytes(Ljava/lang/String;)[B @ 32
Event: 4.155 Thread 0x0000020f8d7c7000 Uncommon trap: reason=unstable_if action=reinterpret pc=0x0000020f8fd0b42c method=java.net.URLStreamHandler.parseURL(Ljava/net/URL;Ljava/lang/String;II)V @ 57
Event: 4.344 Thread 0x0000020f8d7c7000 Uncommon trap: reason=unstable_if action=reinterpret pc=0x0000020f8fd19a18 method=java.lang.ClassLoader.getClassLoadingLock(Ljava/lang/String;)Ljava/lang/Object; @ 6
Event: 4.344 Thread 0x0000020f8d7c7000 Uncommon trap: reason=unstable_if action=reinterpret pc=0x0000020f8f1b6a00 method=java.lang.ClassLoader.getClassLoadingLock(Ljava/lang/String;)Ljava/lang/Object; @ 6
Event: 4.947 Thread 0x0000020f8d7c7000 Uncommon trap: reason=unstable_if action=reinterpret pc=0x0000020f8fa01204 method=org.springframework.beans.factory.support.AbstractAutowireCapableBeanFactory.determineTargetType(Ljava/lang/String;Lorg/springframework/beans/factory/support/RootBeanDefinit
Event: 4.948 Thread 0x0000020f8d7c7000 Uncommon trap: reason=unstable_if action=reinterpret pc=0x0000020f8fbbd2e4 method=java.lang.Class$MethodArray.addIfNotPresent(Ljava/lang/reflect/Method;)V @ 19
Event: 5.098 Thread 0x0000020f8d7c7000 Uncommon trap: reason=bimorphic action=maybe_recompile pc=0x0000020f8fad9c28 method=java.lang.Throwable.<init>(Ljava/lang/String;Ljava/lang/Throwable;)V @ 24
Event: 5.098 Thread 0x0000020f8d7c7000 Uncommon trap: reason=bimorphic action=maybe_recompile pc=0x0000020f8fad9c28 method=java.lang.Throwable.<init>(Ljava/lang/String;Ljava/lang/Throwable;)V @ 24
Event: 5.318 Thread 0x0000020f8d7c7000 Uncommon trap: reason=unstable_if action=reinterpret pc=0x0000020f8fc2f774 method=java.util.HashMap$HashIterator.<init>(Ljava/util/HashMap;)V @ 45

Classes redefined (0 events):
No events

Internal exceptions (10 events):
Event: 4.952 Thread 0x0000020f8d7c7000 Exception <a 'java/lang/ClassNotFoundException': org/hibernate/id/PersistentIdentifierGeneratorCustomizer> (0x00000000fabeb628) thrown at [C:\jenkins\workspace\8-2-build-windows-amd64-cygwin\jdk8u281\880\hotspot\src\share\vm\classfile\systemDictionary.cpp
Event: 4.953 Thread 0x0000020f8d7c7000 Exception <a 'java/lang/ClassNotFoundException': org/hibernate/id/IdentifierGeneratorCustomizer> (0x00000000fac046d8) thrown at [C:\jenkins\workspace\8-2-build-windows-amd64-cygwin\jdk8u281\880\hotspot\src\share\vm\classfile\systemDictionary.cpp, line 212
Event: 4.954 Thread 0x0000020f8d7c7000 Exception <a 'java/lang/ClassNotFoundException': org/hibernate/id/ConfigurableCustomizer> (0x00000000fac1d860) thrown at [C:\jenkins\workspace\8-2-build-windows-amd64-cygwin\jdk8u281\880\hotspot\src\share\vm\classfile\systemDictionary.cpp, line 212]
Event: 4.954 Thread 0x0000020f8d7c7000 Exception <a 'java/lang/ClassNotFoundException': org/hibernate/boot/model/relational/ExportableProducerCustomizer> (0x00000000fac3be60) thrown at [C:\jenkins\workspace\8-2-build-windows-amd64-cygwin\jdk8u281\880\hotspot\src\share\vm\classfile\systemDictio
Event: 4.955 Thread 0x0000020f8d7c7000 Exception <a 'java/lang/ClassNotFoundException': org/hibernate/id/BulkInsertionCapableIdentifierGeneratorCustomizer> (0x00000000fac5a5c8) thrown at [C:\jenkins\workspace\8-2-build-windows-amd64-cygwin\jdk8u281\880\hotspot\src\share\vm\classfile\systemDict
Event: 4.956 Thread 0x0000020f8d7c7000 Exception <a 'java/lang/ClassNotFoundException': org/hibernate/id/IdentifierGeneratorCustomizer> (0x00000000fac74c50) thrown at [C:\jenkins\workspace\8-2-build-windows-amd64-cygwin\jdk8u281\880\hotspot\src\share\vm\classfile\systemDictionary.cpp, line 212
Event: 4.956 Thread 0x0000020f8d7c7000 Exception <a 'java/lang/ClassNotFoundException': org/hibernate/id/ConfigurableCustomizer> (0x00000000fac8da08) thrown at [C:\jenkins\workspace\8-2-build-windows-amd64-cygwin\jdk8u281\880\hotspot\src\share\vm\classfile\systemDictionary.cpp, line 212]
Event: 4.957 Thread 0x0000020f8d7c7000 Exception <a 'java/lang/ClassNotFoundException': org/hibernate/boot/model/relational/ExportableProducerCustomizer> (0x00000000facabec8) thrown at [C:\jenkins\workspace\8-2-build-windows-amd64-cygwin\jdk8u281\880\hotspot\src\share\vm\classfile\systemDictio
Event: 5.395 Thread 0x0000020f8d7c7000 Exception <a 'java/lang/ClassNotFoundException': java/lang/Module> (0x00000000f5926148) thrown at [C:\jenkins\workspace\8-2-build-windows-amd64-cygwin\jdk8u281\880\hotspot\src\share\vm\classfile\systemDictionary.cpp, line 212]
Event: 5.477 Thread 0x0000020f8d7c7000 Exception <a 'java/lang/NoSuchMethodError': java.lang.Object.lambda$static$0(Lorg/hibernate/loader/plan/spi/LoadPlan;Lorg/hibernate/loader/plan/exec/spi/AliasResolutionContext;Lorg/hibernate/loader/plan/exec/process/spi/ReaderCollector;ZZ)Lorg/hibernate/l

Events (10 events):
Event: 5.601 Thread 0x0000020f8d7c7000 DEOPT UNPACKING pc=0x0000020f8f077898 sp=0x000000dc805f91c0 mode 1
Event: 5.601 Thread 0x0000020f8d7c7000 DEOPT PACKING pc=0x0000020f8f4aa5fc sp=0x000000dc805f9530
Event: 5.601 Thread 0x0000020f8d7c7000 DEOPT UNPACKING pc=0x0000020f8f077898 sp=0x000000dc805f9340 mode 1
Event: 5.602 loading class org/h2/command/Parser$1
Event: 5.602 loading class org/h2/command/Parser$1 done
Event: 5.602 Thread 0x0000020f8d7c7000 DEOPT PACKING pc=0x0000020f8f4aa86c sp=0x000000dc805f9410
Event: 5.602 Thread 0x0000020f8d7c7000 DEOPT UNPACKING pc=0x0000020f8f077898 sp=0x000000dc805f9220 mode 1
Event: 5.602 Thread 0x0000020f8d7c7000 DEOPT PACKING pc=0x0000020f8f4aa5fc sp=0x000000dc805f9590
Event: 5.602 Thread 0x0000020f8d7c7000 DEOPT UNPACKING pc=0x0000020f8f077898 sp=0x000000dc805f93a0 mode 1
Event: 5.602 Executing VM operation: CollectForMetadataAllocation


Dynamic libraries:
0x00007ff68dbb0000 - 0x00007ff68dbf7000 	C:\Program Files\Java\jdk1.8.0_281\bin\java.exe
0x00007ffd867d0000 - 0x00007ffd869c5000 	C:\Windows\SYSTEM32\ntdll.dll
0x00007ffd85190000 - 0x00007ffd8524d000 	C:\Windows\System32\KERNEL32.DLL
0x00007ffd83ee0000 - 0x00007ffd841ad000 	C:\Windows\System32\KERNELBASE.dll
0x00007ffd85d10000 - 0x00007ffd85dbe000 	C:\Windows\System32\ADVAPI32.dll
0x00007ffd85250000 - 0x00007ffd852ee000 	C:\Windows\System32\msvcrt.dll
0x00007ffd84880000 - 0x00007ffd8491c000 	C:\Windows\System32\sechost.dll
0x00007ffd85dc0000 - 0x00007ffd85ee5000 	C:\Windows\System32\RPCRT4.dll
0x00007ffd84d70000 - 0x00007ffd84f10000 	C:\Windows\System32\USER32.dll
0x00007ffd842e0000 - 0x00007ffd84302000 	C:\Windows\System32\win32u.dll
0x00007ffd85ef0000 - 0x00007ffd85f1a000 	C:\Windows\System32\GDI32.dll
0x00007ffd84310000 - 0x00007ffd8441b000 	C:\Windows\System32\gdi32full.dll
0x00007ffd846f0000 - 0x00007ffd8478d000 	C:\Windows\System32\msvcp_win.dll
0x00007ffd841b0000 - 0x00007ffd842b0000 	C:\Windows\System32\ucrtbase.dll
0x00007ffd832f0000 - 0x00007ffd8358a000 	C:\Windows\WinSxS\amd64_microsoft.windows.common-controls_6595b64144ccf1df_6.0.19041.1110_none_60b5254171f9507e\COMCTL32.dll
0x00007ffd852f0000 - 0x00007ffd85320000 	C:\Windows\System32\IMM32.DLL
0x00007ffd7da90000 - 0x00007ffd7daa5000 	C:\Program Files\Java\jdk1.8.0_281\jre\bin\vcruntime140.dll
0x00007ffd633f0000 - 0x00007ffd6348b000 	C:\Program Files\Java\jdk1.8.0_281\jre\bin\msvcp140.dll
0x0000000051f50000 - 0x00000000527af000 	C:\Program Files\Java\jdk1.8.0_281\jre\bin\server\jvm.dll
0x00007ffd85f20000 - 0x00007ffd85f28000 	C:\Windows\System32\PSAPI.DLL
0x00007ffd80a90000 - 0x00007ffd80a9a000 	C:\Windows\SYSTEM32\VERSION.dll
0x00007ffd6e0b0000 - 0x00007ffd6e0d7000 	C:\Windows\SYSTEM32\WINMM.dll
0x00007ffd704c0000 - 0x00007ffd704c9000 	C:\Windows\SYSTEM32\WSOCK32.dll
0x00007ffd85b90000 - 0x00007ffd85bfb000 	C:\Windows\System32\WS2_32.dll
0x00007ffd82120000 - 0x00007ffd82132000 	C:\Windows\SYSTEM32\kernel.appcore.dll
0x00007ffd7fe20000 - 0x00007ffd7fe30000 	C:\Program Files\Java\jdk1.8.0_281\jre\bin\verify.dll
0x00007ffd633c0000 - 0x00007ffd633eb000 	C:\Program Files\Java\jdk1.8.0_281\jre\bin\java.dll
0x00007ffd60720000 - 0x00007ffd60756000 	C:\Program Files\Java\jdk1.8.0_281\jre\bin\jdwp.dll
0x00007ffd67ce0000 - 0x00007ffd67ce9000 	C:\Program Files\Java\jdk1.8.0_281\jre\bin\npt.dll
0x00007ffd633a0000 - 0x00007ffd633b8000 	C:\Program Files\Java\jdk1.8.0_281\jre\bin\zip.dll
0x00007ffd85380000 - 0x00007ffd85ac4000 	C:\Windows\System32\SHELL32.dll
0x00007ffd81970000 - 0x00007ffd82104000 	C:\Windows\SYSTEM32\windows.storage.dll
0x00007ffd84980000 - 0x00007ffd84cd4000 	C:\Windows\System32\combase.dll
0x00007ffd83250000 - 0x00007ffd8327c000 	C:\Windows\SYSTEM32\Wldp.dll
0x00007ffd85ad0000 - 0x00007ffd85b7d000 	C:\Windows\System32\SHCORE.dll
0x00007ffd84cf0000 - 0x00007ffd84d45000 	C:\Windows\System32\shlwapi.dll
0x00007ffd83e20000 - 0x00007ffd83e3f000 	C:\Windows\SYSTEM32\profapi.dll
0x00007ffd66120000 - 0x00007ffd6612a000 	C:\Program Files\Java\jdk1.8.0_281\jre\bin\dt_socket.dll
0x00007ffd83160000 - 0x00007ffd831ca000 	C:\Windows\system32\mswsock.dll
0x00007ffd63360000 - 0x00007ffd6337c000 	C:\Program Files\Java\jdk1.8.0_281\jre\bin\net.dll
0x00007ffd63340000 - 0x00007ffd63353000 	C:\Program Files\Java\jdk1.8.0_281\jre\bin\nio.dll
0x00007ffd83c70000 - 0x00007ffd83c88000 	C:\Windows\SYSTEM32\CRYPTSP.dll
0x00007ffd82950000 - 0x00007ffd82984000 	C:\Windows\system32\rsaenh.dll
0x00007ffd842b0000 - 0x00007ffd842d7000 	C:\Windows\System32\bcrypt.dll
0x00007ffd83de0000 - 0x00007ffd83e0e000 	C:\Windows\SYSTEM32\USERENV.dll
0x00007ffd84790000 - 0x00007ffd84812000 	C:\Windows\System32\bcryptprimitives.dll
0x00007ffd83090000 - 0x00007ffd8309c000 	C:\Windows\SYSTEM32\CRYPTBASE.dll
0x00007ffd82ca0000 - 0x00007ffd82cdb000 	C:\Windows\SYSTEM32\IPHLPAPI.DLL
0x00007ffd84ce0000 - 0x00007ffd84ce8000 	C:\Windows\System32\NSI.dll
0x00007ffd7ac10000 - 0x00007ffd7ac27000 	C:\Windows\SYSTEM32\dhcpcsvc6.DLL
0x00007ffd7ad50000 - 0x00007ffd7ad6d000 	C:\Windows\SYSTEM32\dhcpcsvc.DLL
0x00007ffd82ce0000 - 0x00007ffd82dab000 	C:\Windows\SYSTEM32\DNSAPI.dll
0x00007ffd7d620000 - 0x00007ffd7d62d000 	C:\Program Files\Java\jdk1.8.0_281\jre\bin\management.dll
0x00007ffd6ab60000 - 0x00007ffd6ab77000 	C:\Windows\system32\napinsp.dll
0x00007ffd6a500000 - 0x00007ffd6a51b000 	C:\Windows\system32\pnrpnsp.dll
0x00007ffd7e290000 - 0x00007ffd7e2a5000 	C:\Windows\system32\wshbth.dll
0x00007ffd7fa10000 - 0x00007ffd7fa2d000 	C:\Windows\system32\NLAapi.dll
0x00007ffd6a380000 - 0x00007ffd6a392000 	C:\Windows\System32\winrnr.dll
0x00007ffd7c0a0000 - 0x00007ffd7c0aa000 	C:\Windows\System32\rasadhlp.dll
0x00007ffd71050000 - 0x00007ffd710d0000 	C:\Windows\System32\fwpuclnt.dll
0x00007ffd65cb0000 - 0x00007ffd65cd4000 	C:\Program Files\Java\jdk1.8.0_281\jre\bin\sunec.dll
0x00007ffd65460000 - 0x00007ffd6546d000 	C:\Program Files\Java\jdk1.8.0_281\jre\bin\sunmscapi.dll
0x00007ffd844d0000 - 0x00007ffd84626000 	C:\Windows\System32\CRYPT32.dll
0x00007ffd832c0000 - 0x00007ffd832e7000 	C:\Windows\SYSTEM32\ncrypt.dll
0x00007ffd83280000 - 0x00007ffd832bb000 	C:\Windows\SYSTEM32\NTASN1.dll
0x00007ffd83890000 - 0x00007ffd83a74000 	C:\Windows\SYSTEM32\dbghelp.dll

VM Arguments:
jvm_args: -Djava.security.manager=worker.org.gradle.process.internal.worker.child.BootstrapSecurityManager -Dorg.gradle.internal.worker.tmpdir=C:\Users\Jun_Kim\IdeaProjects\homework_delivery_app\build\tmp\test\work -Dorg.gradle.native=false -agentlib:jdwp=transport=dt_socket,server=n,suspend=y,address=127.0.0.1:10446 -Xmx512m -Dfile.encoding=UTF-8 -Duser.country=KR -Duser.language=ko -Duser.variant -ea 
java_command: worker.org.gradle.process.internal.worker.GradleWorkerMain 'Gradle Test Executor 7'
java_class_path (initial): C:\Users\Jun_Kim\.gradle\caches\7.4.1\workerMain\gradle-worker.jar
Launcher Type: SUN_STANDARD

Environment Variables:
JAVA_HOME=C:\Program Files\Zulu\zulu-8
CLASSPATH=C:\Program Files\Zulu\zulu-8\lib
PATH=C:\Program Files\Zulu\zulu-8\bin\;C:\Users\Jun_Kim\Downloads\WINDOWS.X64_193000_db_home\bin;C:\WINDOWS.X64_193000_db_home\bin;C:\Program Files (x86)\Common Files\Oracle\Java\javapath;C:\Windows\system32;C:\Windows;C:\Windows\System32\Wbem;C:\Windows\System32\WindowsPowerShell\v1.0\;C:\Windows\System32\OpenSSH\;C:\Program Files\Zulu\zulu-8\bin;C:\Program Files\Git\cmd;C:\Users\Jun_Kim\AppData\Roaming\nvm;C:\Program Files\nodejs;C:\Program Files\PuTTY\;C:\Program Files\dotnet\;C:\Users\Jun_Kim\AppData\Local\Programs\Python\Python38\Scripts\;C:\Users\Jun_Kim\AppData\Local\Programs\Python\Python38\;C:\Users\Jun_Kim\AppData\Local\Microsoft\WindowsApps;C:\Program Files\Bandizip\;C:\Users\Jun_Kim\AppData\Roaming\nvm;C:\Program Files\nodejs;C:\Users\Jun_Kim\AppData\Local\GitHubDesktop\bin;C:\Program Files\JetBrains\IntelliJ IDEA Community Edition 2022.1\bin;;C:\Program Files\JetBrains\IntelliJ IDEA 2022.1.1\bin;;C:\Program Files\Zulu\zulu-8\bin;
USERNAME=Jun_Kim
OS=Windows_NT
PROCESSOR_IDENTIFIER=Intel64 Family 6 Model 158 Stepping 10, GenuineIntel



---------------  S Y S T E M  ---------------

OS: Windows 10.0 , 64 bit Build 19041 (10.0.19041.1706)

CPU:total 8 (initial active 8) (4 cores per cpu, 2 threads per core) family 6 model 158 stepping 10, cmov, cx8, fxsr, mmx, sse, sse2, sse3, ssse3, sse4.1, sse4.2, popcnt, avx, avx2, aes, clmul, erms, 3dnowpref, lzcnt, ht, tsc, tscinvbit, bmi1, bmi2, adx

Memory: 4k page, physical 16629828k(5591036k free), swap 24494148k(8311980k free)

vm_info: Java HotSpot(TM) 64-Bit Server VM (25.281-b09) for windows-amd64 JRE (1.8.0_281-b09), built on Dec  9 2020 13:54:07 by "" with MS VC++ 15.9 (VS2017)

time: Tue Jun  7 13:14:34 2022
timezone: 대한민국 표준시
elapsed time: 5.630026 seconds (0d 0h 0m 5s)

